[ 2017-11-09T16:56:49+08:00 ] ::1 /ThinkPHP/Water/Manage/queryEcharts
INFO: [ app_init ] --START--
INFO: Run Behavior\BuildLiteBehavior [ RunTime:0.000000s ]
INFO: [ app_init ] --END-- [ RunTime:0.011719s ]
INFO: [ app_begin ] --START--
INFO: Run Behavior\ReadHtmlCacheBehavior [ RunTime:0.001953s ]
INFO: [ app_begin ] --END-- [ RunTime:0.001953s ]
SQL: SHOW COLUMNS FROM `prj_line` [ RunTime:0.2822s ]
SQL: SELECT `value` FROM `prj_line` WHERE ( l_name='雨量' )  [ RunTime:0.0107s ]
SQL: SELECT `value` FROM `prj_line` WHERE ( l_name='水位' )  [ RunTime:0.0000s ]

[ 2017-11-09T17:25:24+08:00 ] ::1 /ThinkPHP/Water/Manage/queryEcharts
INFO: [ app_init ] --START--
INFO: Run Behavior\BuildLiteBehavior [ RunTime:0.000000s ]
INFO: [ app_init ] --END-- [ RunTime:0.001953s ]
INFO: [ app_begin ] --START--
INFO: Run Behavior\ReadHtmlCacheBehavior [ RunTime:0.001954s ]
INFO: [ app_begin ] --END-- [ RunTime:0.001954s ]
SQL: SHOW COLUMNS FROM `prj_line` [ RunTime:0.0029s ]
SQL: SELECT `value` FROM `prj_line` WHERE ( l_name='雨量' )  [ RunTime:0.0010s ]
SQL: SELECT `value` FROM `prj_line` WHERE ( l_name='水位' )  [ RunTime:0.0010s ]

[ 2017-11-09T17:27:02+08:00 ] ::1 /ThinkPHP/Water/Manage/queryEcharts
INFO: [ app_init ] --START--
INFO: Run Behavior\BuildLiteBehavior [ RunTime:0.000000s ]
INFO: [ app_init ] --END-- [ RunTime:0.000977s ]
INFO: [ app_begin ] --START--
INFO: Run Behavior\ReadHtmlCacheBehavior [ RunTime:0.002930s ]
INFO: [ app_begin ] --END-- [ RunTime:0.002930s ]
SQL: SHOW COLUMNS FROM `prj_line` [ RunTime:0.0020s ]
SQL: SELECT `value` FROM `prj_line` WHERE ( l_name='雨量' )  [ RunTime:0.0000s ]
SQL: SELECT `value` FROM `prj_line` WHERE ( l_name='水位' )  [ RunTime:0.0000s ]

[ 2017-11-09T17:29:56+08:00 ] ::1 /ThinkPHP/Water/Manage/queryEcharts
INFO: [ app_init ] --START--
INFO: Run Behavior\BuildLiteBehavior [ RunTime:0.000000s ]
INFO: [ app_init ] --END-- [ RunTime:0.000000s ]
INFO: [ app_begin ] --START--
INFO: Run Behavior\ReadHtmlCacheBehavior [ RunTime:0.001953s ]
INFO: [ app_begin ] --END-- [ RunTime:0.001953s ]
SQL: SHOW COLUMNS FROM `prj_line` [ RunTime:0.0020s ]
SQL: SELECT `value` FROM `prj_line` WHERE ( l_name='雨量' )  [ RunTime:0.0010s ]
SQL: SELECT `value` FROM `prj_line` WHERE ( l_name='水位' )  [ RunTime:0.0010s ]

