[ 2017-11-17T14:21:19+08:00 ] ::1 /ThinkPHP/index.php/Water/Manage/user_info.html
INFO: [ app_init ] --START--
INFO: Run Behavior\BuildLiteBehavior [ RunTime:0.000000s ]
INFO: [ app_init ] --END-- [ RunTime:0.011719s ]
INFO: [ app_begin ] --START--
INFO: Run Behavior\ReadHtmlCacheBehavior [ RunTime:0.043945s ]
INFO: [ app_begin ] --END-- [ RunTime:0.043945s ]
SQL: SHOW COLUMNS FROM `water_user` [ RunTime:0.1582s ]
SQL: SELECT * FROM `water_user`  [ RunTime:0.0176s ]
SQL: SELECT COUNT(*) AS tp_count FROM `water_user` LIMIT 1   [ RunTime:0.0215s ]
INFO: [ view_parse ] --START--
INFO: [ template_filter ] --START--
INFO: Run Behavior\ContentReplaceBehavior [ RunTime:0.000000s ]
INFO: [ template_filter ] --END-- [ RunTime:0.000000s ]
INFO: Run Behavior\ParseTemplateBehavior [ RunTime:0.079102s ]
INFO: [ view_parse ] --END-- [ RunTime:0.079102s ]
INFO: [ view_filter ] --START--
INFO: Run Behavior\WriteHtmlCacheBehavior [ RunTime:0.009765s ]
INFO: [ view_filter ] --END-- [ RunTime:0.009765s ]
INFO: [ app_end ] --START--
INFO: Run Behavior\ShowPageTraceBehavior [ RunTime:0.001953s ]
INFO: [ app_end ] --END-- [ RunTime:0.001953s ]

[ 2017-11-17T14:21:22+08:00 ] ::1 /ThinkPHP/index.php/Water/Home/home.html
INFO: [ app_init ] --START--
INFO: Run Behavior\BuildLiteBehavior [ RunTime:0.000977s ]
INFO: [ app_init ] --END-- [ RunTime:0.000977s ]
INFO: [ app_begin ] --START--
INFO: Run Behavior\ReadHtmlCacheBehavior [ RunTime:0.000976s ]
INFO: [ app_begin ] --END-- [ RunTime:0.000976s ]
INFO: [ view_parse ] --START--
INFO: [ template_filter ] --START--
INFO: Run Behavior\ContentReplaceBehavior [ RunTime:0.000977s ]
INFO: [ template_filter ] --END-- [ RunTime:0.000977s ]
INFO: Run Behavior\ParseTemplateBehavior [ RunTime:0.034180s ]
INFO: [ view_parse ] --END-- [ RunTime:0.034180s ]
INFO: [ view_filter ] --START--
INFO: Run Behavior\WriteHtmlCacheBehavior [ RunTime:0.000976s ]
INFO: [ view_filter ] --END-- [ RunTime:0.000976s ]
INFO: [ app_end ] --START--
INFO: Run Behavior\ShowPageTraceBehavior [ RunTime:0.000976s ]
INFO: [ app_end ] --END-- [ RunTime:0.000976s ]

[ 2017-11-17T14:21:24+08:00 ] ::1 /ThinkPHP/Water/Home/queryEcharts
INFO: [ app_init ] --START--
INFO: Run Behavior\BuildLiteBehavior [ RunTime:0.000000s ]
INFO: [ app_init ] --END-- [ RunTime:0.001953s ]
INFO: [ app_begin ] --START--
INFO: Run Behavior\ReadHtmlCacheBehavior [ RunTime:0.000976s ]
INFO: [ app_begin ] --END-- [ RunTime:0.000976s ]
SQL: SHOW COLUMNS FROM `prj_line` [ RunTime:0.0391s ]
SQL: SELECT `value` FROM `prj_line` WHERE ( l_name='雨量' )  [ RunTime:0.1250s ]
SQL: SELECT `value` FROM `prj_line` WHERE ( l_name='水位' )  [ RunTime:0.0000s ]

