[ 2017-11-10T09:45:35+08:00 ] ::1 /ThinkPHP/Water/Manage/queryEcharts
INFO: [ app_init ] --START--
INFO: Run Behavior\BuildLiteBehavior [ RunTime:0.000000s ]
INFO: [ app_init ] --END-- [ RunTime:0.020508s ]
INFO: [ app_begin ] --START--
INFO: Run Behavior\ReadHtmlCacheBehavior [ RunTime:0.001953s ]
INFO: [ app_begin ] --END-- [ RunTime:0.001953s ]
SQL: SHOW COLUMNS FROM `prj_line` [ RunTime:0.1143s ]
SQL: SELECT `value` FROM `prj_line` WHERE ( l_name='雨量' )  [ RunTime:0.0039s ]
SQL: SELECT `value` FROM `prj_line` WHERE ( l_name='水位' )  [ RunTime:0.0010s ]

[ 2017-11-10T09:45:37+08:00 ] ::1 /ThinkPHP/Water/Manage/queryEcharts
INFO: [ app_init ] --START--
INFO: Run Behavior\BuildLiteBehavior [ RunTime:0.000000s ]
INFO: [ app_init ] --END-- [ RunTime:0.000977s ]
INFO: [ app_begin ] --START--
INFO: Run Behavior\ReadHtmlCacheBehavior [ RunTime:0.001953s ]
INFO: [ app_begin ] --END-- [ RunTime:0.001953s ]
SQL: SHOW COLUMNS FROM `prj_line` [ RunTime:0.0039s ]
SQL: SELECT `value` FROM `prj_line` WHERE ( l_name='雨量' )  [ RunTime:0.0010s ]
SQL: SELECT `value` FROM `prj_line` WHERE ( l_name='水位' )  [ RunTime:0.0000s ]

[ 2017-11-10T09:47:57+08:00 ] ::1 /ThinkPHP/Water/Manage/queryEcharts
INFO: [ app_init ] --START--
INFO: Run Behavior\BuildLiteBehavior [ RunTime:0.000000s ]
INFO: [ app_init ] --END-- [ RunTime:0.001953s ]
INFO: [ app_begin ] --START--
INFO: Run Behavior\ReadHtmlCacheBehavior [ RunTime:0.001953s ]
INFO: [ app_begin ] --END-- [ RunTime:0.001953s ]
SQL: SHOW COLUMNS FROM `prj_line` [ RunTime:0.0039s ]
SQL: SELECT `value` FROM `prj_line` WHERE ( l_name='雨量' )  [ RunTime:0.0000s ]
SQL: SELECT `value` FROM `prj_line` WHERE ( l_name='水位' )  [ RunTime:0.0000s ]

[ 2017-11-10T09:51:11+08:00 ] ::1 /ThinkPHP/Water/Manage/queryEcharts
INFO: [ app_init ] --START--
INFO: Run Behavior\BuildLiteBehavior [ RunTime:0.000000s ]
INFO: [ app_init ] --END-- [ RunTime:0.000977s ]
INFO: [ app_begin ] --START--
INFO: Run Behavior\ReadHtmlCacheBehavior [ RunTime:0.002930s ]
INFO: [ app_begin ] --END-- [ RunTime:0.002930s ]
SQL: SHOW COLUMNS FROM `prj_line` [ RunTime:0.0039s ]
SQL: SELECT `value` FROM `prj_line` WHERE ( l_name='雨量' )  [ RunTime:0.0000s ]
SQL: SELECT `value` FROM `prj_line` WHERE ( l_name='水位' )  [ RunTime:0.0000s ]

[ 2017-11-10T09:51:11+08:00 ] ::1 /ThinkPHP/Water/Manage/queryEcharts
INFO: [ app_init ] --START--
INFO: Run Behavior\BuildLiteBehavior [ RunTime:0.000000s ]
INFO: [ app_init ] --END-- [ RunTime:0.001953s ]
INFO: [ app_begin ] --START--
INFO: Run Behavior\ReadHtmlCacheBehavior [ RunTime:0.004883s ]
INFO: [ app_begin ] --END-- [ RunTime:0.005860s ]
SQL: SHOW COLUMNS FROM `prj_line` [ RunTime:0.0020s ]
SQL: SELECT `value` FROM `prj_line` WHERE ( l_name='雨量' )  [ RunTime:0.0020s ]
SQL: SELECT `value` FROM `prj_line` WHERE ( l_name='水位' )  [ RunTime:0.0000s ]

[ 2017-11-10T09:51:21+08:00 ] ::1 /ThinkPHP/Water/Manage/queryEcharts
INFO: [ app_init ] --START--
INFO: Run Behavior\BuildLiteBehavior [ RunTime:0.000000s ]
INFO: [ app_init ] --END-- [ RunTime:0.001953s ]
INFO: [ app_begin ] --START--
INFO: Run Behavior\ReadHtmlCacheBehavior [ RunTime:0.002930s ]
INFO: [ app_begin ] --END-- [ RunTime:0.002930s ]
SQL: SHOW COLUMNS FROM `prj_line` [ RunTime:0.0029s ]
SQL: SELECT `value` FROM `prj_line` WHERE ( l_name='雨量' )  [ RunTime:0.0000s ]
SQL: SELECT `value` FROM `prj_line` WHERE ( l_name='水位' )  [ RunTime:0.0000s ]

[ 2017-11-10T09:51:32+08:00 ] ::1 /ThinkPHP/Water/Manage/queryEcharts
INFO: [ app_init ] --START--
INFO: Run Behavior\BuildLiteBehavior [ RunTime:0.000000s ]
INFO: [ app_init ] --END-- [ RunTime:0.009766s ]
INFO: [ app_begin ] --START--
INFO: Run Behavior\ReadHtmlCacheBehavior [ RunTime:0.001953s ]
INFO: [ app_begin ] --END-- [ RunTime:0.001953s ]
SQL: SHOW COLUMNS FROM `prj_line` [ RunTime:0.0029s ]
SQL: SELECT `value` FROM `prj_line` WHERE ( l_name='雨量' )  [ RunTime:0.0000s ]
SQL: SELECT `value` FROM `prj_line` WHERE ( l_name='水位' )  [ RunTime:0.0000s ]

[ 2017-11-10T09:51:33+08:00 ] ::1 /ThinkPHP/Water/Manage/queryEcharts
INFO: [ app_init ] --START--
INFO: Run Behavior\BuildLiteBehavior [ RunTime:0.000000s ]
INFO: [ app_init ] --END-- [ RunTime:0.000976s ]
INFO: [ app_begin ] --START--
INFO: Run Behavior\ReadHtmlCacheBehavior [ RunTime:0.001953s ]
INFO: [ app_begin ] --END-- [ RunTime:0.001953s ]
SQL: SHOW COLUMNS FROM `prj_line` [ RunTime:0.0029s ]
SQL: SELECT `value` FROM `prj_line` WHERE ( l_name='雨量' )  [ RunTime:0.0000s ]
SQL: SELECT `value` FROM `prj_line` WHERE ( l_name='水位' )  [ RunTime:0.0000s ]

[ 2017-11-10T09:51:35+08:00 ] ::1 /ThinkPHP/Water/Manage/queryEcharts
INFO: [ app_init ] --START--
INFO: Run Behavior\BuildLiteBehavior [ RunTime:0.000000s ]
INFO: [ app_init ] --END-- [ RunTime:0.002929s ]
INFO: [ app_begin ] --START--
INFO: Run Behavior\ReadHtmlCacheBehavior [ RunTime:0.003906s ]
INFO: [ app_begin ] --END-- [ RunTime:0.003906s ]
SQL: SHOW COLUMNS FROM `prj_line` [ RunTime:0.0020s ]
SQL: SELECT `value` FROM `prj_line` WHERE ( l_name='雨量' )  [ RunTime:0.0000s ]
SQL: SELECT `value` FROM `prj_line` WHERE ( l_name='水位' )  [ RunTime:0.0000s ]

[ 2017-11-10T09:51:52+08:00 ] ::1 /ThinkPHP/Water/Manage/queryEcharts
INFO: [ app_init ] --START--
INFO: Run Behavior\BuildLiteBehavior [ RunTime:0.000000s ]
INFO: [ app_init ] --END-- [ RunTime:0.001953s ]
INFO: [ app_begin ] --START--
INFO: Run Behavior\ReadHtmlCacheBehavior [ RunTime:0.002930s ]
INFO: [ app_begin ] --END-- [ RunTime:0.002930s ]
SQL: SHOW COLUMNS FROM `prj_line` [ RunTime:0.0029s ]
SQL: SELECT `value` FROM `prj_line` WHERE ( l_name='雨量' )  [ RunTime:0.0000s ]
SQL: SELECT `value` FROM `prj_line` WHERE ( l_name='水位' )  [ RunTime:0.0010s ]

[ 2017-11-10T09:51:53+08:00 ] ::1 /ThinkPHP/Water/Manage/queryEcharts
INFO: [ app_init ] --START--
INFO: Run Behavior\BuildLiteBehavior [ RunTime:0.000000s ]
INFO: [ app_init ] --END-- [ RunTime:0.000977s ]
INFO: [ app_begin ] --START--
INFO: Run Behavior\ReadHtmlCacheBehavior [ RunTime:0.002930s ]
INFO: [ app_begin ] --END-- [ RunTime:0.002930s ]
SQL: SHOW COLUMNS FROM `prj_line` [ RunTime:0.0020s ]
SQL: SELECT `value` FROM `prj_line` WHERE ( l_name='雨量' )  [ RunTime:0.0000s ]
SQL: SELECT `value` FROM `prj_line` WHERE ( l_name='水位' )  [ RunTime:0.0010s ]

[ 2017-11-10T09:52:52+08:00 ] ::1 /ThinkPHP/Water/Manage/queryEcharts
INFO: [ app_init ] --START--
INFO: Run Behavior\BuildLiteBehavior [ RunTime:0.000000s ]
INFO: [ app_init ] --END-- [ RunTime:0.002930s ]
INFO: [ app_begin ] --START--
INFO: Run Behavior\ReadHtmlCacheBehavior [ RunTime:0.002930s ]
INFO: [ app_begin ] --END-- [ RunTime:0.003906s ]
SQL: SHOW COLUMNS FROM `prj_line` [ RunTime:0.0039s ]
SQL: SELECT `value` FROM `prj_line` WHERE ( l_name='雨量' )  [ RunTime:0.0010s ]
SQL: SELECT `value` FROM `prj_line` WHERE ( l_name='水位' )  [ RunTime:0.0000s ]

[ 2017-11-10T09:53:07+08:00 ] ::1 /ThinkPHP/Water/Manage/queryEcharts
INFO: [ app_init ] --START--
INFO: Run Behavior\BuildLiteBehavior [ RunTime:0.000000s ]
INFO: [ app_init ] --END-- [ RunTime:0.001953s ]
INFO: [ app_begin ] --START--
INFO: Run Behavior\ReadHtmlCacheBehavior [ RunTime:0.003906s ]
INFO: [ app_begin ] --END-- [ RunTime:0.004883s ]
SQL: SHOW COLUMNS FROM `prj_line` [ RunTime:0.0049s ]
SQL: SELECT `value` FROM `prj_line` WHERE ( l_name='雨量' )  [ RunTime:0.0020s ]
SQL: SELECT `value` FROM `prj_line` WHERE ( l_name='水位' )  [ RunTime:0.0000s ]

[ 2017-11-10T09:53:20+08:00 ] ::1 /ThinkPHP/Water/Manage/queryEcharts
INFO: [ app_init ] --START--
INFO: Run Behavior\BuildLiteBehavior [ RunTime:0.000000s ]
INFO: [ app_init ] --END-- [ RunTime:0.000977s ]
INFO: [ app_begin ] --START--
INFO: Run Behavior\ReadHtmlCacheBehavior [ RunTime:0.001953s ]
INFO: [ app_begin ] --END-- [ RunTime:0.001953s ]
SQL: SHOW COLUMNS FROM `prj_line` [ RunTime:0.0029s ]
SQL: SELECT `value` FROM `prj_line` WHERE ( l_name='雨量' )  [ RunTime:0.0000s ]
SQL: SELECT `value` FROM `prj_line` WHERE ( l_name='水位' )  [ RunTime:0.0010s ]

[ 2017-11-10T09:55:01+08:00 ] ::1 /ThinkPHP/Water/Manage/queryEcharts
INFO: [ app_init ] --START--
INFO: Run Behavior\BuildLiteBehavior [ RunTime:0.000000s ]
INFO: [ app_init ] --END-- [ RunTime:0.001953s ]
INFO: [ app_begin ] --START--
INFO: Run Behavior\ReadHtmlCacheBehavior [ RunTime:0.001953s ]
INFO: [ app_begin ] --END-- [ RunTime:0.001953s ]
SQL: SHOW COLUMNS FROM `prj_line` [ RunTime:0.0039s ]
SQL: SELECT `value` FROM `prj_line` WHERE ( l_name='雨量' )  [ RunTime:0.0010s ]
SQL: SELECT `value` FROM `prj_line` WHERE ( l_name='水位' )  [ RunTime:0.0010s ]

[ 2017-11-10T09:56:45+08:00 ] ::1 /ThinkPHP/Water/Manage/queryEcharts
INFO: [ app_init ] --START--
INFO: Run Behavior\BuildLiteBehavior [ RunTime:0.000000s ]
INFO: [ app_init ] --END-- [ RunTime:0.001953s ]
INFO: [ app_begin ] --START--
INFO: Run Behavior\ReadHtmlCacheBehavior [ RunTime:0.002930s ]
INFO: [ app_begin ] --END-- [ RunTime:0.002930s ]
SQL: SHOW COLUMNS FROM `prj_line` [ RunTime:0.0039s ]
SQL: SELECT `value` FROM `prj_line` WHERE ( l_name='雨量' )  [ RunTime:0.0000s ]
SQL: SELECT `value` FROM `prj_line` WHERE ( l_name='水位' )  [ RunTime:0.0000s ]

[ 2017-11-10T09:57:22+08:00 ] ::1 /ThinkPHP/Water/Manage/queryEcharts
INFO: [ app_init ] --START--
INFO: Run Behavior\BuildLiteBehavior [ RunTime:0.000000s ]
INFO: [ app_init ] --END-- [ RunTime:0.001953s ]
INFO: [ app_begin ] --START--
INFO: Run Behavior\ReadHtmlCacheBehavior [ RunTime:0.001953s ]
INFO: [ app_begin ] --END-- [ RunTime:0.001953s ]
SQL: SHOW COLUMNS FROM `prj_line` [ RunTime:0.0020s ]
SQL: SELECT `value` FROM `prj_line` WHERE ( l_name='雨量' )  [ RunTime:0.0010s ]
SQL: SELECT `value` FROM `prj_line` WHERE ( l_name='水位' )  [ RunTime:0.0010s ]

[ 2017-11-10T09:59:10+08:00 ] ::1 /ThinkPHP/Water/Manage/queryEcharts
INFO: [ app_init ] --START--
INFO: Run Behavior\BuildLiteBehavior [ RunTime:0.000000s ]
INFO: [ app_init ] --END-- [ RunTime:0.000977s ]
INFO: [ app_begin ] --START--
INFO: Run Behavior\ReadHtmlCacheBehavior [ RunTime:0.000977s ]
INFO: [ app_begin ] --END-- [ RunTime:0.000977s ]
SQL: SHOW COLUMNS FROM `prj_line` [ RunTime:0.0020s ]
SQL: SELECT `value` FROM `prj_line` WHERE ( l_name='雨量' )  [ RunTime:0.0010s ]
SQL: SELECT `value` FROM `prj_line` WHERE ( l_name='水位' )  [ RunTime:0.0000s ]

[ 2017-11-10T09:59:14+08:00 ] ::1 /ThinkPHP/Water/Manage/queryEcharts
INFO: [ app_init ] --START--
INFO: Run Behavior\BuildLiteBehavior [ RunTime:0.000000s ]
INFO: [ app_init ] --END-- [ RunTime:0.001953s ]
INFO: [ app_begin ] --START--
INFO: Run Behavior\ReadHtmlCacheBehavior [ RunTime:0.000976s ]
INFO: [ app_begin ] --END-- [ RunTime:0.000976s ]
SQL: SHOW COLUMNS FROM `prj_line` [ RunTime:0.0000s ]
SQL: SELECT `value` FROM `prj_line` WHERE ( l_name='雨量' )  [ RunTime:0.0010s ]
SQL: SELECT `value` FROM `prj_line` WHERE ( l_name='水位' )  [ RunTime:0.0010s ]

[ 2017-11-10T09:59:24+08:00 ] ::1 /ThinkPHP/Water/Manage/queryEcharts
INFO: [ app_init ] --START--
INFO: Run Behavior\BuildLiteBehavior [ RunTime:0.000000s ]
INFO: [ app_init ] --END-- [ RunTime:0.001953s ]
INFO: [ app_begin ] --START--
INFO: Run Behavior\ReadHtmlCacheBehavior [ RunTime:0.001953s ]
INFO: [ app_begin ] --END-- [ RunTime:0.001953s ]
SQL: SHOW COLUMNS FROM `prj_line` [ RunTime:0.0010s ]
SQL: SELECT `value` FROM `prj_line` WHERE ( l_name='雨量' )  [ RunTime:0.0010s ]
SQL: SELECT `value` FROM `prj_line` WHERE ( l_name='水位' )  [ RunTime:0.0010s ]

[ 2017-11-10T10:05:26+08:00 ] ::1 /ThinkPHP/Water/Manage/queryEcharts
INFO: [ app_init ] --START--
INFO: Run Behavior\BuildLiteBehavior [ RunTime:0.000000s ]
INFO: [ app_init ] --END-- [ RunTime:0.000000s ]
INFO: [ app_begin ] --START--
INFO: Run Behavior\ReadHtmlCacheBehavior [ RunTime:0.000977s ]
INFO: [ app_begin ] --END-- [ RunTime:0.000977s ]
SQL: SHOW COLUMNS FROM `prj_line` [ RunTime:0.0010s ]
SQL: SELECT `value` FROM `prj_line` WHERE ( l_name='雨量' )  [ RunTime:0.0000s ]
SQL: SELECT `value` FROM `prj_line` WHERE ( l_name='水位' )  [ RunTime:0.0000s ]

[ 2017-11-10T10:51:09+08:00 ] ::1 /ThinkPHP/Water/Manage/queryEcharts
INFO: [ app_init ] --START--
INFO: Run Behavior\BuildLiteBehavior [ RunTime:0.000000s ]
INFO: [ app_init ] --END-- [ RunTime:0.002930s ]
INFO: [ app_begin ] --START--
INFO: Run Behavior\ReadHtmlCacheBehavior [ RunTime:0.002929s ]
INFO: [ app_begin ] --END-- [ RunTime:0.002929s ]
SQL: SHOW COLUMNS FROM `prj_line` [ RunTime:0.0010s ]
SQL: SELECT `value` FROM `prj_line` WHERE ( l_name='雨量' )  [ RunTime:0.0000s ]
SQL: SELECT `value` FROM `prj_line` WHERE ( l_name='水位' )  [ RunTime:0.0000s ]

[ 2017-11-10T10:53:11+08:00 ] ::1 /ThinkPHP/Water/Manage/queryEcharts
INFO: [ app_init ] --START--
INFO: Run Behavior\BuildLiteBehavior [ RunTime:0.000000s ]
INFO: [ app_init ] --END-- [ RunTime:0.001953s ]
INFO: [ app_begin ] --START--
INFO: Run Behavior\ReadHtmlCacheBehavior [ RunTime:0.000977s ]
INFO: [ app_begin ] --END-- [ RunTime:0.000977s ]
SQL: SHOW COLUMNS FROM `prj_line` [ RunTime:0.0010s ]
SQL: SELECT `value` FROM `prj_line` WHERE ( l_name='雨量' )  [ RunTime:0.0000s ]
SQL: SELECT `value` FROM `prj_line` WHERE ( l_name='水位' )  [ RunTime:0.0010s ]

[ 2017-11-10T10:55:42+08:00 ] ::1 /ThinkPHP/index.php/Water/Login/index
INFO: [ app_init ] --START--
INFO: Run Behavior\BuildLiteBehavior [ RunTime:0.000000s ]
INFO: [ app_init ] --END-- [ RunTime:0.000976s ]
INFO: [ app_begin ] --START--
INFO: Run Behavior\ReadHtmlCacheBehavior [ RunTime:0.001953s ]
INFO: [ app_begin ] --END-- [ RunTime:0.002930s ]
INFO: [ view_parse ] --START--
INFO: [ template_filter ] --START--
INFO: Run Behavior\ContentReplaceBehavior [ RunTime:0.000000s ]
INFO: [ template_filter ] --END-- [ RunTime:0.000976s ]
INFO: Run Behavior\ParseTemplateBehavior [ RunTime:0.059570s ]
INFO: [ view_parse ] --END-- [ RunTime:0.060547s ]
INFO: [ view_filter ] --START--
INFO: Run Behavior\WriteHtmlCacheBehavior [ RunTime:0.008789s ]
INFO: [ view_filter ] --END-- [ RunTime:0.009766s ]
INFO: [ app_end ] --START--
INFO: Run Behavior\ShowPageTraceBehavior [ RunTime:0.001953s ]
INFO: [ app_end ] --END-- [ RunTime:0.002929s ]

[ 2017-11-10T11:00:07+08:00 ] ::1 /ThinkPHP/Water/Manage/queryEcharts
INFO: [ app_init ] --START--
INFO: Run Behavior\BuildLiteBehavior [ RunTime:0.000000s ]
INFO: [ app_init ] --END-- [ RunTime:0.000977s ]
INFO: [ app_begin ] --START--
INFO: Run Behavior\ReadHtmlCacheBehavior [ RunTime:0.002930s ]
INFO: [ app_begin ] --END-- [ RunTime:0.003906s ]
SQL: SHOW COLUMNS FROM `prj_line` [ RunTime:0.0029s ]
SQL: SELECT `value` FROM `prj_line` WHERE ( l_name='雨量' )  [ RunTime:0.0020s ]
SQL: SELECT `value` FROM `prj_line` WHERE ( l_name='水位' )  [ RunTime:0.0010s ]

[ 2017-11-10T11:00:13+08:00 ] ::1 /ThinkPHP/Water/Manage/queryEcharts
INFO: [ app_init ] --START--
INFO: Run Behavior\BuildLiteBehavior [ RunTime:0.000000s ]
INFO: [ app_init ] --END-- [ RunTime:0.000977s ]
INFO: [ app_begin ] --START--
INFO: Run Behavior\ReadHtmlCacheBehavior [ RunTime:0.001953s ]
INFO: [ app_begin ] --END-- [ RunTime:0.001953s ]
SQL: SHOW COLUMNS FROM `prj_line` [ RunTime:0.0029s ]
SQL: SELECT `value` FROM `prj_line` WHERE ( l_name='雨量' )  [ RunTime:0.0010s ]
SQL: SELECT `value` FROM `prj_line` WHERE ( l_name='水位' )  [ RunTime:0.0010s ]

[ 2017-11-10T11:00:19+08:00 ] ::1 /ThinkPHP/Water/Manage/queryEcharts
INFO: [ app_init ] --START--
INFO: Run Behavior\BuildLiteBehavior [ RunTime:0.000000s ]
INFO: [ app_init ] --END-- [ RunTime:0.001953s ]
INFO: [ app_begin ] --START--
INFO: Run Behavior\ReadHtmlCacheBehavior [ RunTime:0.000976s ]
INFO: [ app_begin ] --END-- [ RunTime:0.000976s ]
SQL: SHOW COLUMNS FROM `prj_line` [ RunTime:0.0010s ]
SQL: SELECT `value` FROM `prj_line` WHERE ( l_name='雨量' )  [ RunTime:0.0010s ]
SQL: SELECT `value` FROM `prj_line` WHERE ( l_name='水位' )  [ RunTime:0.0010s ]

[ 2017-11-10T11:00:22+08:00 ] ::1 /ThinkPHP/Water/Manage/queryEcharts
INFO: [ app_init ] --START--
INFO: Run Behavior\BuildLiteBehavior [ RunTime:0.000000s ]
INFO: [ app_init ] --END-- [ RunTime:0.001953s ]
INFO: [ app_begin ] --START--
INFO: Run Behavior\ReadHtmlCacheBehavior [ RunTime:0.001953s ]
INFO: [ app_begin ] --END-- [ RunTime:0.001953s ]
SQL: SHOW COLUMNS FROM `prj_line` [ RunTime:0.0010s ]
SQL: SELECT `value` FROM `prj_line` WHERE ( l_name='雨量' )  [ RunTime:0.0010s ]
SQL: SELECT `value` FROM `prj_line` WHERE ( l_name='水位' )  [ RunTime:0.0000s ]

[ 2017-11-10T15:03:49+08:00 ] ::1 /ThinkPHP/index.php/Water/Login/index
INFO: [ app_init ] --START--
INFO: Run Behavior\BuildLiteBehavior [ RunTime:0.000000s ]
INFO: [ app_init ] --END-- [ RunTime:0.000976s ]
INFO: [ app_begin ] --START--
INFO: Run Behavior\ReadHtmlCacheBehavior [ RunTime:0.000977s ]
INFO: [ app_begin ] --END-- [ RunTime:0.001953s ]
INFO: [ view_parse ] --START--
INFO: [ template_filter ] --START--
INFO: Run Behavior\ContentReplaceBehavior [ RunTime:0.000000s ]
INFO: [ template_filter ] --END-- [ RunTime:0.000000s ]
INFO: Run Behavior\ParseTemplateBehavior [ RunTime:0.014648s ]
INFO: [ view_parse ] --END-- [ RunTime:0.014648s ]
INFO: [ view_filter ] --START--
INFO: Run Behavior\WriteHtmlCacheBehavior [ RunTime:0.000977s ]
INFO: [ view_filter ] --END-- [ RunTime:0.000977s ]
INFO: [ app_end ] --START--
INFO: Run Behavior\ShowPageTraceBehavior [ RunTime:0.002930s ]
INFO: [ app_end ] --END-- [ RunTime:0.003906s ]

[ 2017-11-10T15:27:13+08:00 ] ::1 /ThinkPHP/Water/Manage/queryEcharts
INFO: [ app_init ] --START--
INFO: Run Behavior\BuildLiteBehavior [ RunTime:0.000000s ]
INFO: [ app_init ] --END-- [ RunTime:0.020508s ]
INFO: [ app_begin ] --START--
INFO: Run Behavior\ReadHtmlCacheBehavior [ RunTime:0.001953s ]
INFO: [ app_begin ] --END-- [ RunTime:0.001953s ]
SQL: SHOW COLUMNS FROM `prj_line` [ RunTime:0.0225s ]
SQL: SELECT `value` FROM `prj_line` WHERE ( l_name='雨量' )  [ RunTime:0.0020s ]
SQL: SELECT `value` FROM `prj_line` WHERE ( l_name='水位' )  [ RunTime:0.0010s ]

[ 2017-11-10T15:39:16+08:00 ] ::1 /ThinkPHP/Water/Manage/queryEcharts
INFO: [ app_init ] --START--
INFO: Run Behavior\BuildLiteBehavior [ RunTime:0.000000s ]
INFO: [ app_init ] --END-- [ RunTime:0.000976s ]
INFO: [ app_begin ] --START--
INFO: Run Behavior\ReadHtmlCacheBehavior [ RunTime:0.001954s ]
INFO: [ app_begin ] --END-- [ RunTime:0.001954s ]
SQL: SHOW COLUMNS FROM `prj_line` [ RunTime:0.0117s ]
SQL: SELECT `value` FROM `prj_line` WHERE ( l_name='雨量' )  [ RunTime:0.0156s ]
SQL: SELECT `value` FROM `prj_line` WHERE ( l_name='水位' )  [ RunTime:0.0000s ]

[ 2017-11-10T15:39:47+08:00 ] ::1 /ThinkPHP/Water/Manage/queryEcharts
INFO: [ app_init ] --START--
INFO: Run Behavior\BuildLiteBehavior [ RunTime:0.000000s ]
INFO: [ app_init ] --END-- [ RunTime:0.000977s ]
INFO: [ app_begin ] --START--
INFO: Run Behavior\ReadHtmlCacheBehavior [ RunTime:0.002930s ]
INFO: [ app_begin ] --END-- [ RunTime:0.002930s ]
SQL: SHOW COLUMNS FROM `prj_line` [ RunTime:0.0117s ]
SQL: SELECT `value` FROM `prj_line` WHERE ( l_name='雨量' )  [ RunTime:0.0010s ]
SQL: SELECT `value` FROM `prj_line` WHERE ( l_name='水位' )  [ RunTime:0.0000s ]

[ 2017-11-10T15:40:07+08:00 ] ::1 /ThinkPHP/Water/Manage/queryEcharts
INFO: [ app_init ] --START--
INFO: Run Behavior\BuildLiteBehavior [ RunTime:0.000000s ]
INFO: [ app_init ] --END-- [ RunTime:0.001953s ]
INFO: [ app_begin ] --START--
INFO: Run Behavior\ReadHtmlCacheBehavior [ RunTime:0.001953s ]
INFO: [ app_begin ] --END-- [ RunTime:0.001953s ]
SQL: SHOW COLUMNS FROM `prj_line` [ RunTime:0.0156s ]
SQL: SELECT `value` FROM `prj_line` WHERE ( l_name='雨量' )  [ RunTime:0.0010s ]
SQL: SELECT `value` FROM `prj_line` WHERE ( l_name='水位' )  [ RunTime:0.0000s ]

