[ 2017-09-18T11:36:38+08:00 ] ::1 /ThinkPHP/Application/IotRouter/View/Public/H-ui.admin/lib/jquery/1.9.1/jquery.min.map
INFO: [ app_init ] --START--
INFO: Run Behavior\BuildLiteBehavior [ RunTime:0.000071s ]
INFO: [ app_init ] --END-- [ RunTime:0.001493s ]
ERR: 无法加载模块:Application

[ 2017-09-18T11:36:40+08:00 ] ::1 /ThinkPHP/Application/IotRouter/View/Public/H-ui.admin/lib/jquery/1.9.1/jquery.min.map
INFO: [ app_init ] --START--
INFO: Run Behavior\BuildLiteBehavior [ RunTime:0.000046s ]
INFO: [ app_init ] --END-- [ RunTime:0.000652s ]
ERR: 无法加载模块:Application

[ 2017-09-18T11:40:35+08:00 ] ::1 /ThinkPHP/Application/IotRouter/View/Public/H-ui.admin/lib/jquery/1.9.1/jquery.min.map
INFO: [ app_init ] --START--
INFO: Run Behavior\BuildLiteBehavior [ RunTime:0.000048s ]
INFO: [ app_init ] --END-- [ RunTime:0.000955s ]
ERR: 无法加载模块:Application

[ 2017-09-18T11:40:38+08:00 ] ::1 /ThinkPHP/Application/IotRouter/View/Public/H-ui.admin/lib/jquery/1.9.1/jquery.min.map
INFO: [ app_init ] --START--
INFO: Run Behavior\BuildLiteBehavior [ RunTime:0.000045s ]
INFO: [ app_init ] --END-- [ RunTime:0.000644s ]
ERR: 无法加载模块:Application

[ 2017-09-18T11:42:04+08:00 ] ::1 /ThinkPHP/Application/IotRouter/View/Public/H-ui.admin/lib/jquery/1.9.1/jquery.min.map
INFO: [ app_init ] --START--
INFO: Run Behavior\BuildLiteBehavior [ RunTime:0.000042s ]
INFO: [ app_init ] --END-- [ RunTime:0.000776s ]
ERR: 无法加载模块:Application

[ 2017-09-18T11:42:07+08:00 ] ::1 /ThinkPHP/Application/IotRouter/View/Public/H-ui.admin/lib/jquery/1.9.1/jquery.min.map
INFO: [ app_init ] --START--
INFO: Run Behavior\BuildLiteBehavior [ RunTime:0.000041s ]
INFO: [ app_init ] --END-- [ RunTime:0.000591s ]
ERR: 无法加载模块:Application

[ 2017-09-18T11:43:17+08:00 ] ::1 /ThinkPHP/Application/IotRouter/View/Public/H-ui.admin/lib/jquery/1.9.1/jquery.min.map
INFO: [ app_init ] --START--
INFO: Run Behavior\BuildLiteBehavior [ RunTime:0.000038s ]
INFO: [ app_init ] --END-- [ RunTime:0.000571s ]
ERR: 无法加载模块:Application

[ 2017-09-18T11:43:19+08:00 ] ::1 /ThinkPHP/Application/IotRouter/View/Public/H-ui.admin/lib/jquery/1.9.1/jquery.min.map
INFO: [ app_init ] --START--
INFO: Run Behavior\BuildLiteBehavior [ RunTime:0.000045s ]
INFO: [ app_init ] --END-- [ RunTime:0.000678s ]
ERR: 无法加载模块:Application

[ 2017-09-18T11:43:58+08:00 ] ::1 /ThinkPHP/Application/IotRouter/View/Public/H-ui.admin/lib/jquery/1.9.1/jquery.min.map
INFO: [ app_init ] --START--
INFO: Run Behavior\BuildLiteBehavior [ RunTime:0.000045s ]
INFO: [ app_init ] --END-- [ RunTime:0.000665s ]
ERR: 无法加载模块:Application

[ 2017-09-18T11:44:01+08:00 ] ::1 /ThinkPHP/Application/IotRouter/View/Public/H-ui.admin/lib/jquery/1.9.1/jquery.min.map
INFO: [ app_init ] --START--
INFO: Run Behavior\BuildLiteBehavior [ RunTime:0.000046s ]
INFO: [ app_init ] --END-- [ RunTime:0.000643s ]
ERR: 无法加载模块:Application

[ 2017-09-18T11:46:20+08:00 ] ::1 /ThinkPHP/Application/IotRouter/View/Public/H-ui.admin/lib/jquery/1.9.1/jquery.min.map
INFO: [ app_init ] --START--
INFO: Run Behavior\BuildLiteBehavior [ RunTime:0.000052s ]
INFO: [ app_init ] --END-- [ RunTime:0.001142s ]
ERR: 无法加载模块:Application

[ 2017-09-18T11:46:22+08:00 ] ::1 /ThinkPHP/Application/IotRouter/View/Public/H-ui.admin/lib/jquery/1.9.1/jquery.min.map
INFO: [ app_init ] --START--
INFO: Run Behavior\BuildLiteBehavior [ RunTime:0.000038s ]
INFO: [ app_init ] --END-- [ RunTime:0.000572s ]
ERR: 无法加载模块:Application

[ 2017-09-18T12:54:35+08:00 ] ::1 /ThinkPHP/Application/IotRouter/View/Public/js/search.js
INFO: [ app_init ] --START--
INFO: Run Behavior\BuildLiteBehavior [ RunTime:0.000051s ]
INFO: [ app_init ] --END-- [ RunTime:0.001250s ]
ERR: 无法加载模块:Application

[ 2017-09-18T15:06:01+08:00 ] ::1 /ThinkPHP/Application/IotRouter/View/Public/H-ui.admin/lib/jquery/1.9.1/jquery.min.map
INFO: [ app_init ] --START--
INFO: Run Behavior\BuildLiteBehavior [ RunTime:0.000057s ]
INFO: [ app_init ] --END-- [ RunTime:0.000889s ]
ERR: 无法加载模块:Application

[ 2017-09-18T15:06:03+08:00 ] ::1 /ThinkPHP/Application/IotRouter/View/Public/H-ui.admin/lib/jquery/1.9.1/jquery.min.map
INFO: [ app_init ] --START--
INFO: Run Behavior\BuildLiteBehavior [ RunTime:0.000068s ]
INFO: [ app_init ] --END-- [ RunTime:0.001395s ]
ERR: 无法加载模块:Application

[ 2017-09-18T15:07:59+08:00 ] ::1 /ThinkPHP/Application/IotRouter/View/Public/H-ui.admin/lib/jquery/1.9.1/jquery.min.map
INFO: [ app_init ] --START--
INFO: Run Behavior\BuildLiteBehavior [ RunTime:0.000049s ]
INFO: [ app_init ] --END-- [ RunTime:0.000887s ]
ERR: 无法加载模块:Application

[ 2017-09-18T15:08:02+08:00 ] ::1 /ThinkPHP/Application/IotRouter/View/Public/H-ui.admin/lib/jquery/1.9.1/jquery.min.map
INFO: [ app_init ] --START--
INFO: Run Behavior\BuildLiteBehavior [ RunTime:0.000045s ]
INFO: [ app_init ] --END-- [ RunTime:0.000610s ]
ERR: 无法加载模块:Application

