[ 2017-10-26T16:00:42+08:00 ] ::1 /ThinkPHP/ApplicationWater/View/Public/css/login.css
INFO: [ app_init ] --START--
INFO: Run Behavior\BuildLiteBehavior [ RunTime:0.000000s ]
INFO: [ app_init ] --END-- [ RunTime:0.000976s ]
ERR: 无法加载模块:ApplicationWater

[ 2017-10-26T16:00:45+08:00 ] ::1 /ThinkPHP/ApplicationWater/View/Public/css/login.css
INFO: [ app_init ] --START--
INFO: Run Behavior\BuildLiteBehavior [ RunTime:0.000000s ]
INFO: [ app_init ] --END-- [ RunTime:0.005860s ]
ERR: 无法加载模块:ApplicationWater

[ 2017-10-26T16:00:46+08:00 ] ::1 /ThinkPHP/ApplicationWater/View/Public/css/login.css
INFO: [ app_init ] --START--
INFO: Run Behavior\BuildLiteBehavior [ RunTime:0.000000s ]
INFO: [ app_init ] --END-- [ RunTime:0.000977s ]
ERR: 无法加载模块:ApplicationWater

[ 2017-10-26T16:00:48+08:00 ] ::1 /ThinkPHP/ApplicationWater/View/Public/css/login.css
INFO: [ app_init ] --START--
INFO: Run Behavior\BuildLiteBehavior [ RunTime:0.000000s ]
INFO: [ app_init ] --END-- [ RunTime:0.002930s ]
ERR: 无法加载模块:ApplicationWater

[ 2017-10-26T16:00:49+08:00 ] ::1 /ThinkPHP/ApplicationWater/View/Public/css/login.css
INFO: [ app_init ] --START--
INFO: Run Behavior\BuildLiteBehavior [ RunTime:0.000000s ]
INFO: [ app_init ] --END-- [ RunTime:0.001953s ]
ERR: 无法加载模块:ApplicationWater

[ 2017-10-26T16:03:00+08:00 ] ::1 /ThinkPHP/Application/Water/View/Public/bootstrap/css/bootstrap.css.map
INFO: [ app_init ] --START--
INFO: Run Behavior\BuildLiteBehavior [ RunTime:0.000000s ]
INFO: [ app_init ] --END-- [ RunTime:0.001953s ]
ERR: 无法加载模块:Application

[ 2017-10-26T16:07:09+08:00 ] ::1 /ThinkPHP/Application/Water/View/Public/img/logbj.jpg
INFO: [ app_init ] --START--
INFO: Run Behavior\BuildLiteBehavior [ RunTime:0.000000s ]
INFO: [ app_init ] --END-- [ RunTime:0.000976s ]
ERR: 无法加载模块:Application

[ 2017-10-26T16:07:13+08:00 ] ::1 /ThinkPHP/Application/Water/View/Public/img/logbj.jpg
INFO: [ app_init ] --START--
INFO: Run Behavior\BuildLiteBehavior [ RunTime:0.000000s ]
INFO: [ app_init ] --END-- [ RunTime:0.000976s ]
ERR: 无法加载模块:Application

[ 2017-10-26T16:07:14+08:00 ] ::1 /ThinkPHP/Application/Water/View/Public/img/logbj.jpg
INFO: [ app_init ] --START--
INFO: Run Behavior\BuildLiteBehavior [ RunTime:0.000000s ]
INFO: [ app_init ] --END-- [ RunTime:0.000976s ]
ERR: 无法加载模块:Application

[ 2017-10-26T16:12:10+08:00 ] ::1 /ThinkPHP/Application/Water/View/Public/img/logbj.jpg
INFO: [ app_init ] --START--
INFO: Run Behavior\BuildLiteBehavior [ RunTime:0.000000s ]
INFO: [ app_init ] --END-- [ RunTime:0.001953s ]
ERR: 无法加载模块:Application

[ 2017-10-26T16:14:13+08:00 ] ::1 /ThinkPHP/Application/Water/View/Public/img/logbj.jpg
INFO: [ app_init ] --START--
INFO: Run Behavior\BuildLiteBehavior [ RunTime:0.000000s ]
INFO: [ app_init ] --END-- [ RunTime:0.000976s ]
ERR: 无法加载模块:Application

[ 2017-10-26T16:14:31+08:00 ] ::1 /ThinkPHP/Application/Water/View/Public/img/logbj.jpg
INFO: [ app_init ] --START--
INFO: Run Behavior\BuildLiteBehavior [ RunTime:0.000000s ]
INFO: [ app_init ] --END-- [ RunTime:0.001953s ]
ERR: 无法加载模块:Application

[ 2017-10-26T16:15:18+08:00 ] ::1 /ThinkPHP/Application/Water/View/Public/img/logbj.jpg
INFO: [ app_init ] --START--
INFO: Run Behavior\BuildLiteBehavior [ RunTime:0.000977s ]
INFO: [ app_init ] --END-- [ RunTime:0.000977s ]
ERR: 无法加载模块:Application

[ 2017-10-26T17:37:23+08:00 ] ::1 /ThinkPHP/Application/Water/View/Public/css/__IMAGES__/backdrop.jpg
INFO: [ app_init ] --START--
INFO: Run Behavior\BuildLiteBehavior [ RunTime:0.000000s ]
INFO: [ app_init ] --END-- [ RunTime:0.000977s ]
ERR: 无法加载模块:Application

[ 2017-10-26T17:37:23+08:00 ] ::1 /ThinkPHP/Application/Water/View/Public/css/__IMAGES__/rim2.png
INFO: [ app_init ] --START--
INFO: Run Behavior\BuildLiteBehavior [ RunTime:0.000000s ]
INFO: [ app_init ] --END-- [ RunTime:0.000976s ]
ERR: 无法加载模块:Application

[ 2017-10-26T17:37:23+08:00 ] ::1 /ThinkPHP/Application/Water/View/Public/css/__IMAGES__/rim1.png
INFO: [ app_init ] --START--
INFO: Run Behavior\BuildLiteBehavior [ RunTime:0.000000s ]
INFO: [ app_init ] --END-- [ RunTime:0.001953s ]
ERR: 无法加载模块:Application

[ 2017-10-26T17:37:27+08:00 ] ::1 /ThinkPHP/Application/Water/View/Public/css/__IMAGES__/backdrop.jpg
INFO: [ app_init ] --START--
INFO: Run Behavior\BuildLiteBehavior [ RunTime:0.000976s ]
INFO: [ app_init ] --END-- [ RunTime:0.000976s ]
ERR: 无法加载模块:Application

[ 2017-10-26T17:37:27+08:00 ] ::1 /ThinkPHP/Application/Water/View/Public/css/__IMAGES__/rim1.png
INFO: [ app_init ] --START--
INFO: Run Behavior\BuildLiteBehavior [ RunTime:0.000976s ]
INFO: [ app_init ] --END-- [ RunTime:0.000976s ]
ERR: 无法加载模块:Application

[ 2017-10-26T17:37:27+08:00 ] ::1 /ThinkPHP/Application/Water/View/Public/css/__IMAGES__/rim2.png
INFO: [ app_init ] --START--
INFO: Run Behavior\BuildLiteBehavior [ RunTime:0.000000s ]
INFO: [ app_init ] --END-- [ RunTime:0.000977s ]
ERR: 无法加载模块:Application

[ 2017-10-26T17:37:30+08:00 ] ::1 /ThinkPHP/Application/Water/View/Public/css/__IMAGES__/rim2.png
INFO: [ app_init ] --START--
INFO: Run Behavior\BuildLiteBehavior [ RunTime:0.000000s ]
INFO: [ app_init ] --END-- [ RunTime:0.000977s ]
ERR: 无法加载模块:Application

[ 2017-10-26T17:37:30+08:00 ] ::1 /ThinkPHP/Application/Water/View/Public/css/__IMAGES__/backdrop.jpg
INFO: [ app_init ] --START--
INFO: Run Behavior\BuildLiteBehavior [ RunTime:0.000000s ]
INFO: [ app_init ] --END-- [ RunTime:0.000977s ]
ERR: 无法加载模块:Application

[ 2017-10-26T17:37:30+08:00 ] ::1 /ThinkPHP/Application/Water/View/Public/css/__IMAGES__/rim1.png
INFO: [ app_init ] --START--
INFO: Run Behavior\BuildLiteBehavior [ RunTime:0.000000s ]
INFO: [ app_init ] --END-- [ RunTime:0.000977s ]
ERR: 无法加载模块:Application

[ 2017-10-26T17:37:44+08:00 ] ::1 /ThinkPHP/Application/Water/View/Public/css/__IMAGES__/backdrop.jpg
INFO: [ app_init ] --START--
INFO: Run Behavior\BuildLiteBehavior [ RunTime:0.000000s ]
INFO: [ app_init ] --END-- [ RunTime:0.000977s ]
ERR: 无法加载模块:Application

[ 2017-10-26T17:37:44+08:00 ] ::1 /ThinkPHP/Application/Water/View/Public/css/__IMAGES__/rim2.png
INFO: [ app_init ] --START--
INFO: Run Behavior\BuildLiteBehavior [ RunTime:0.000000s ]
INFO: [ app_init ] --END-- [ RunTime:0.000976s ]
ERR: 无法加载模块:Application

[ 2017-10-26T17:37:44+08:00 ] ::1 /ThinkPHP/Application/Water/View/Public/css/__IMAGES__/rim1.png
INFO: [ app_init ] --START--
INFO: Run Behavior\BuildLiteBehavior [ RunTime:0.000000s ]
INFO: [ app_init ] --END-- [ RunTime:0.001954s ]
ERR: 无法加载模块:Application

[ 2017-10-26T17:38:08+08:00 ] ::1 /ThinkPHP/Application/Water/View/Public/bootstrap/css/bootstrap.css.map
INFO: [ app_init ] --START--
INFO: Run Behavior\BuildLiteBehavior [ RunTime:0.000000s ]
INFO: [ app_init ] --END-- [ RunTime:0.000976s ]
ERR: 无法加载模块:Application

[ 2017-10-26T17:38:31+08:00 ] ::1 /ThinkPHP/Application/Water/View/Public/bootstrap/css/bootstrap.css.map
INFO: [ app_init ] --START--
INFO: Run Behavior\BuildLiteBehavior [ RunTime:0.000000s ]
INFO: [ app_init ] --END-- [ RunTime:0.001953s ]
ERR: 无法加载模块:Application

[ 2017-10-26T17:39:43+08:00 ] ::1 /ThinkPHP/Application/Water/View/Public/css/__IMAGES__/rim2.png
INFO: [ app_init ] --START--
INFO: Run Behavior\BuildLiteBehavior [ RunTime:0.000000s ]
INFO: [ app_init ] --END-- [ RunTime:0.000976s ]
ERR: 无法加载模块:Application

[ 2017-10-26T17:39:43+08:00 ] ::1 /ThinkPHP/Application/Water/View/Public/css/__IMAGES__/rim1.png
INFO: [ app_init ] --START--
INFO: Run Behavior\BuildLiteBehavior [ RunTime:0.000000s ]
INFO: [ app_init ] --END-- [ RunTime:0.000977s ]
ERR: 无法加载模块:Application

[ 2017-10-26T17:39:43+08:00 ] ::1 /ThinkPHP/Application/Water/View/Public/css/__IMAGES__/backdrop.jpg
INFO: [ app_init ] --START--
INFO: Run Behavior\BuildLiteBehavior [ RunTime:0.000000s ]
INFO: [ app_init ] --END-- [ RunTime:0.000977s ]
ERR: 无法加载模块:Application

[ 2017-10-26T17:39:44+08:00 ] ::1 /ThinkPHP/Application/Water/View/Public/bootstrap/css/bootstrap.css.map
INFO: [ app_init ] --START--
INFO: Run Behavior\BuildLiteBehavior [ RunTime:0.000000s ]
INFO: [ app_init ] --END-- [ RunTime:0.000977s ]
ERR: 无法加载模块:Application

[ 2017-10-26T17:40:54+08:00 ] ::1 /ThinkPHP/Application/Water/View/Public/css/__IMAGES__/backdrop.jpg
INFO: [ app_init ] --START--
INFO: Run Behavior\BuildLiteBehavior [ RunTime:0.000000s ]
INFO: [ app_init ] --END-- [ RunTime:0.000977s ]
ERR: 无法加载模块:Application

[ 2017-10-26T17:40:54+08:00 ] ::1 /ThinkPHP/Application/Water/View/Public/css/__IMAGES__/rim1.png
INFO: [ app_init ] --START--
INFO: Run Behavior\BuildLiteBehavior [ RunTime:0.000976s ]
INFO: [ app_init ] --END-- [ RunTime:0.000976s ]
ERR: 无法加载模块:Application

[ 2017-10-26T17:40:54+08:00 ] ::1 /ThinkPHP/Application/Water/View/Public/css/__IMAGES__/rim2.png
INFO: [ app_init ] --START--
INFO: Run Behavior\BuildLiteBehavior [ RunTime:0.000000s ]
INFO: [ app_init ] --END-- [ RunTime:0.001953s ]
ERR: 无法加载模块:Application

[ 2017-10-26T17:40:54+08:00 ] ::1 /ThinkPHP/Application/Water/View/Public/bootstrap/css/bootstrap.css.map
INFO: [ app_init ] --START--
INFO: Run Behavior\BuildLiteBehavior [ RunTime:0.000000s ]
INFO: [ app_init ] --END-- [ RunTime:0.001953s ]
ERR: 无法加载模块:Application

[ 2017-10-26T17:40:57+08:00 ] ::1 /ThinkPHP/Application/Water/View/Public/bootstrap/css/bootstrap.css.map
INFO: [ app_init ] --START--
INFO: Run Behavior\BuildLiteBehavior [ RunTime:0.000000s ]
INFO: [ app_init ] --END-- [ RunTime:0.000977s ]
ERR: 无法加载模块:Application

[ 2017-10-26T17:42:11+08:00 ] ::1 /ThinkPHP/Application/Water/View/Public/bootstrap/css/bootstrap.css.map
INFO: [ app_init ] --START--
INFO: Run Behavior\BuildLiteBehavior [ RunTime:0.000000s ]
INFO: [ app_init ] --END-- [ RunTime:0.000976s ]
ERR: 无法加载模块:Application

[ 2017-10-26T17:42:17+08:00 ] ::1 /ThinkPHP/Application/Water/View/Public/bootstrap/css/bootstrap.css.map
INFO: [ app_init ] --START--
INFO: Run Behavior\BuildLiteBehavior [ RunTime:0.000000s ]
INFO: [ app_init ] --END-- [ RunTime:0.002930s ]
ERR: 无法加载模块:Application

[ 2017-10-26T17:43:40+08:00 ] ::1 /ThinkPHP/Application/Water/View/Public/bootstrap/css/bootstrap.css.map
INFO: [ app_init ] --START--
INFO: Run Behavior\BuildLiteBehavior [ RunTime:0.000000s ]
INFO: [ app_init ] --END-- [ RunTime:0.001954s ]
ERR: 无法加载模块:Application

[ 2017-10-26T17:45:20+08:00 ] ::1 /ThinkPHP/Application/Water/View/Public/css/__IMAGES__/rim1.png
INFO: [ app_init ] --START--
INFO: Run Behavior\BuildLiteBehavior [ RunTime:0.000000s ]
INFO: [ app_init ] --END-- [ RunTime:0.000976s ]
ERR: 无法加载模块:Application

[ 2017-10-26T17:45:20+08:00 ] ::1 /ThinkPHP/Application/Water/View/Public/css/__IMAGES__/rim2.png
INFO: [ app_init ] --START--
INFO: Run Behavior\BuildLiteBehavior [ RunTime:0.000000s ]
INFO: [ app_init ] --END-- [ RunTime:0.000977s ]
ERR: 无法加载模块:Application

[ 2017-10-26T17:45:20+08:00 ] ::1 /ThinkPHP/Application/Water/View/Public/css/__IMAGES__/backdrop.jpg
INFO: [ app_init ] --START--
INFO: Run Behavior\BuildLiteBehavior [ RunTime:0.000000s ]
INFO: [ app_init ] --END-- [ RunTime:0.000976s ]
ERR: 无法加载模块:Application

[ 2017-10-26T17:45:20+08:00 ] ::1 /ThinkPHP/Application/Water/View/Public/bootstrap/css/bootstrap.css.map
INFO: [ app_init ] --START--
INFO: Run Behavior\BuildLiteBehavior [ RunTime:0.000000s ]
INFO: [ app_init ] --END-- [ RunTime:0.001953s ]
ERR: 无法加载模块:Application

[ 2017-10-26T17:46:20+08:00 ] ::1 /ThinkPHP/Application/Water/View/Public/css/__IMAGES__/backdrop.jpg
INFO: [ app_init ] --START--
INFO: Run Behavior\BuildLiteBehavior [ RunTime:0.000977s ]
INFO: [ app_init ] --END-- [ RunTime:0.000977s ]
ERR: 无法加载模块:Application

[ 2017-10-26T17:46:20+08:00 ] ::1 /ThinkPHP/Application/Water/View/Public/css/__IMAGES__/rim1.png
INFO: [ app_init ] --START--
INFO: Run Behavior\BuildLiteBehavior [ RunTime:0.000000s ]
INFO: [ app_init ] --END-- [ RunTime:0.001953s ]
ERR: 无法加载模块:Application

[ 2017-10-26T17:46:20+08:00 ] ::1 /ThinkPHP/Application/Water/View/Public/css/__IMAGES__/rim2.png
INFO: [ app_init ] --START--
INFO: Run Behavior\BuildLiteBehavior [ RunTime:0.000000s ]
INFO: [ app_init ] --END-- [ RunTime:0.000977s ]
ERR: 无法加载模块:Application

[ 2017-10-26T17:46:20+08:00 ] ::1 /ThinkPHP/Application/Water/View/Public/bootstrap/css/bootstrap.css.map
INFO: [ app_init ] --START--
INFO: Run Behavior\BuildLiteBehavior [ RunTime:0.000000s ]
INFO: [ app_init ] --END-- [ RunTime:0.000977s ]
ERR: 无法加载模块:Application

[ 2017-10-26T17:47:31+08:00 ] ::1 /ThinkPHP/Application/Water/View/Public/css/__IMAGES__/rim1.png
INFO: [ app_init ] --START--
INFO: Run Behavior\BuildLiteBehavior [ RunTime:0.000000s ]
INFO: [ app_init ] --END-- [ RunTime:0.000976s ]
ERR: 无法加载模块:Application

[ 2017-10-26T17:47:31+08:00 ] ::1 /ThinkPHP/Application/Water/View/Public/css/__IMAGES__/rim2.png
INFO: [ app_init ] --START--
INFO: Run Behavior\BuildLiteBehavior [ RunTime:0.000000s ]
INFO: [ app_init ] --END-- [ RunTime:0.000977s ]
ERR: 无法加载模块:Application

[ 2017-10-26T17:47:31+08:00 ] ::1 /ThinkPHP/Application/Water/View/Public/css/__IMAGES__/backdrop.jpg
INFO: [ app_init ] --START--
INFO: Run Behavior\BuildLiteBehavior [ RunTime:0.000000s ]
INFO: [ app_init ] --END-- [ RunTime:0.001953s ]
ERR: 无法加载模块:Application

[ 2017-10-26T17:47:36+08:00 ] ::1 /ThinkPHP/Application/Water/View/Public/bootstrap/css/bootstrap.css.map
INFO: [ app_init ] --START--
INFO: Run Behavior\BuildLiteBehavior [ RunTime:0.000000s ]
INFO: [ app_init ] --END-- [ RunTime:0.000976s ]
ERR: 无法加载模块:Application

[ 2017-10-26T17:48:56+08:00 ] ::1 /ThinkPHP/Application/Water/View/Public/css/__IMAGES__/backdrop.jpg
INFO: [ app_init ] --START--
INFO: Run Behavior\BuildLiteBehavior [ RunTime:0.000000s ]
INFO: [ app_init ] --END-- [ RunTime:0.001953s ]
ERR: 无法加载模块:Application

[ 2017-10-26T17:48:56+08:00 ] ::1 /ThinkPHP/Application/Water/View/Public/css/__IMAGES__/rim1.png
INFO: [ app_init ] --START--
INFO: Run Behavior\BuildLiteBehavior [ RunTime:0.000000s ]
INFO: [ app_init ] --END-- [ RunTime:0.001953s ]
ERR: 无法加载模块:Application

[ 2017-10-26T17:48:56+08:00 ] ::1 /ThinkPHP/Application/Water/View/Public/css/__IMAGES__/rim2.png
INFO: [ app_init ] --START--
INFO: Run Behavior\BuildLiteBehavior [ RunTime:0.000976s ]
INFO: [ app_init ] --END-- [ RunTime:0.001953s ]
ERR: 无法加载模块:Application

[ 2017-10-26T17:48:56+08:00 ] ::1 /ThinkPHP/Application/Water/View/Public/bootstrap/css/bootstrap.css.map
INFO: [ app_init ] --START--
INFO: Run Behavior\BuildLiteBehavior [ RunTime:0.000000s ]
INFO: [ app_init ] --END-- [ RunTime:0.000976s ]
ERR: 无法加载模块:Application

[ 2017-10-26T17:48:57+08:00 ] ::1 /ThinkPHP/Application/Water/View/Public/css/__IMAGES__/rim1.png
INFO: [ app_init ] --START--
INFO: Run Behavior\BuildLiteBehavior [ RunTime:0.000000s ]
INFO: [ app_init ] --END-- [ RunTime:0.000976s ]
ERR: 无法加载模块:Application

[ 2017-10-26T17:48:57+08:00 ] ::1 /ThinkPHP/Application/Water/View/Public/css/__IMAGES__/backdrop.jpg
INFO: [ app_init ] --START--
INFO: Run Behavior\BuildLiteBehavior [ RunTime:0.000000s ]
INFO: [ app_init ] --END-- [ RunTime:0.000976s ]
ERR: 无法加载模块:Application

[ 2017-10-26T17:48:57+08:00 ] ::1 /ThinkPHP/Application/Water/View/Public/css/__IMAGES__/rim2.png
INFO: [ app_init ] --START--
INFO: Run Behavior\BuildLiteBehavior [ RunTime:0.000000s ]
INFO: [ app_init ] --END-- [ RunTime:0.001953s ]
ERR: 无法加载模块:Application

[ 2017-10-26T17:48:57+08:00 ] ::1 /ThinkPHP/Application/Water/View/Public/bootstrap/css/bootstrap.css.map
INFO: [ app_init ] --START--
INFO: Run Behavior\BuildLiteBehavior [ RunTime:0.000000s ]
INFO: [ app_init ] --END-- [ RunTime:0.000977s ]
ERR: 无法加载模块:Application

[ 2017-10-26T17:48:58+08:00 ] ::1 /ThinkPHP/Application/Water/View/Public/bootstrap/css/bootstrap.css.map
INFO: [ app_init ] --START--
INFO: Run Behavior\BuildLiteBehavior [ RunTime:0.000000s ]
INFO: [ app_init ] --END-- [ RunTime:0.000976s ]
ERR: 无法加载模块:Application

[ 2017-10-26T17:48:59+08:00 ] ::1 /ThinkPHP/Application/Water/View/Public/bootstrap/css/bootstrap.css.map
INFO: [ app_init ] --START--
INFO: Run Behavior\BuildLiteBehavior [ RunTime:0.000000s ]
INFO: [ app_init ] --END-- [ RunTime:0.000976s ]
ERR: 无法加载模块:Application

[ 2017-10-26T17:48:59+08:00 ] ::1 /ThinkPHP/Application/Water/View/Public/bootstrap/css/bootstrap.css.map
INFO: [ app_init ] --START--
INFO: Run Behavior\BuildLiteBehavior [ RunTime:0.000000s ]
INFO: [ app_init ] --END-- [ RunTime:0.000977s ]
ERR: 无法加载模块:Application

[ 2017-10-26T17:49:00+08:00 ] ::1 /ThinkPHP/Application/Water/View/Public/bootstrap/css/bootstrap.css.map
INFO: [ app_init ] --START--
INFO: Run Behavior\BuildLiteBehavior [ RunTime:0.000000s ]
INFO: [ app_init ] --END-- [ RunTime:0.001954s ]
ERR: 无法加载模块:Application

[ 2017-10-26T17:49:00+08:00 ] ::1 /ThinkPHP/Application/Water/View/Public/bootstrap/css/bootstrap.css.map
INFO: [ app_init ] --START--
INFO: Run Behavior\BuildLiteBehavior [ RunTime:0.000000s ]
INFO: [ app_init ] --END-- [ RunTime:0.000977s ]
ERR: 无法加载模块:Application

[ 2017-10-26T17:49:01+08:00 ] ::1 /ThinkPHP/Application/Water/View/Public/bootstrap/css/bootstrap.css.map
INFO: [ app_init ] --START--
INFO: Run Behavior\BuildLiteBehavior [ RunTime:0.000000s ]
INFO: [ app_init ] --END-- [ RunTime:0.000976s ]
ERR: 无法加载模块:Application

[ 2017-10-26T17:49:19+08:00 ] ::1 /ThinkPHP/Application/Water/View/Public/bootstrap/css/bootstrap.css.map
INFO: [ app_init ] --START--
INFO: Run Behavior\BuildLiteBehavior [ RunTime:0.000000s ]
INFO: [ app_init ] --END-- [ RunTime:0.000976s ]
ERR: 无法加载模块:Application

[ 2017-10-26T17:49:22+08:00 ] ::1 /ThinkPHP/Application/Water/View/Public/bootstrap/css/bootstrap.css.map
INFO: [ app_init ] --START--
INFO: Run Behavior\BuildLiteBehavior [ RunTime:0.000000s ]
INFO: [ app_init ] --END-- [ RunTime:0.000977s ]
ERR: 无法加载模块:Application

[ 2017-10-26T17:50:31+08:00 ] ::1 /ThinkPHP/Application/Water/View/Public/bootstrap/css/bootstrap.css.map
INFO: [ app_init ] --START--
INFO: Run Behavior\BuildLiteBehavior [ RunTime:0.000977s ]
INFO: [ app_init ] --END-- [ RunTime:0.000977s ]
ERR: 无法加载模块:Application

[ 2017-10-26T17:50:34+08:00 ] ::1 /ThinkPHP/Application/Water/View/Public/bootstrap/css/bootstrap.css.map
INFO: [ app_init ] --START--
INFO: Run Behavior\BuildLiteBehavior [ RunTime:0.000000s ]
INFO: [ app_init ] --END-- [ RunTime:0.001953s ]
ERR: 无法加载模块:Application

[ 2017-10-26T17:50:36+08:00 ] ::1 /ThinkPHP/Application/Water/View/Public/bootstrap/css/bootstrap.css.map
INFO: [ app_init ] --START--
INFO: Run Behavior\BuildLiteBehavior [ RunTime:0.000000s ]
INFO: [ app_init ] --END-- [ RunTime:0.000976s ]
ERR: 无法加载模块:Application

[ 2017-10-26T17:50:38+08:00 ] ::1 /ThinkPHP/Application/Water/View/Public/bootstrap/css/bootstrap.css.map
INFO: [ app_init ] --START--
INFO: Run Behavior\BuildLiteBehavior [ RunTime:0.000000s ]
INFO: [ app_init ] --END-- [ RunTime:0.000977s ]
ERR: 无法加载模块:Application

[ 2017-10-26T17:52:06+08:00 ] ::1 /ThinkPHP/Application/Water/View/Public/bootstrap/css/bootstrap.css.map
INFO: [ app_init ] --START--
INFO: Run Behavior\BuildLiteBehavior [ RunTime:0.000000s ]
INFO: [ app_init ] --END-- [ RunTime:0.001954s ]
ERR: 无法加载模块:Application

[ 2017-10-26T17:52:49+08:00 ] ::1 /ThinkPHP/Application/Water/View/Public/bootstrap/css/bootstrap.css.map
INFO: [ app_init ] --START--
INFO: Run Behavior\BuildLiteBehavior [ RunTime:0.000000s ]
INFO: [ app_init ] --END-- [ RunTime:0.000977s ]
ERR: 无法加载模块:Application

[ 2017-10-26T18:04:32+08:00 ] ::1 /ThinkPHP/Application/Water/View/Public/bootstrap/css/bootstrap.css.map
INFO: [ app_init ] --START--
INFO: Run Behavior\BuildLiteBehavior [ RunTime:0.000000s ]
INFO: [ app_init ] --END-- [ RunTime:0.000000s ]
ERR: 无法加载模块:Application

[ 2017-10-26T18:05:39+08:00 ] ::1 /ThinkPHP/Application/Water/View/Public/bootstrap/css/bootstrap.css.map
INFO: [ app_init ] --START--
INFO: Run Behavior\BuildLiteBehavior [ RunTime:0.000000s ]
INFO: [ app_init ] --END-- [ RunTime:0.001953s ]
ERR: 无法加载模块:Application

