[ 2017-10-27T09:12:51+08:00 ] ::1 /ThinkPHP/Application/Water/View/Public/css/__IMAGES__/logbj.jpg
INFO: [ app_init ] --START--
INFO: Run Behavior\BuildLiteBehavior [ RunTime:0.000000s ]
INFO: [ app_init ] --END-- [ RunTime:0.000976s ]
ERR: 无法加载模块:Application

[ 2017-10-27T09:13:41+08:00 ] ::1 /ThinkPHP/Application/Water/View/Public/css/__IMAGES__/logbj.jpg
INFO: [ app_init ] --START--
INFO: Run Behavior\BuildLiteBehavior [ RunTime:0.000000s ]
INFO: [ app_init ] --END-- [ RunTime:0.000976s ]
ERR: 无法加载模块:Application

[ 2017-10-27T09:14:42+08:00 ] ::1 /ThinkPHP/Application/Water/View/Public/css/__IMAGES__/logbj.jpg
INFO: [ app_init ] --START--
INFO: Run Behavior\BuildLiteBehavior [ RunTime:0.000000s ]
INFO: [ app_init ] --END-- [ RunTime:0.001953s ]
ERR: 无法加载模块:Application

[ 2017-10-27T09:17:09+08:00 ] ::1 /ThinkPHP/Application/Water/View/Public/css/__IMAGES__/logbj.jpg
INFO: [ app_init ] --START--
INFO: Run Behavior\BuildLiteBehavior [ RunTime:0.000000s ]
INFO: [ app_init ] --END-- [ RunTime:0.001953s ]
ERR: 无法加载模块:Application

[ 2017-10-27T09:23:53+08:00 ] ::1 /ThinkPHP/Application/Water/View/Public/css/__IMAGES__/backdrop.jpg
INFO: [ app_init ] --START--
INFO: Run Behavior\BuildLiteBehavior [ RunTime:0.000000s ]
INFO: [ app_init ] --END-- [ RunTime:0.000976s ]
ERR: 无法加载模块:Application

[ 2017-10-27T09:23:53+08:00 ] ::1 /ThinkPHP/Application/Water/View/Public/css/__IMAGES__/rim1.png
INFO: [ app_init ] --START--
INFO: Run Behavior\BuildLiteBehavior [ RunTime:0.000000s ]
INFO: [ app_init ] --END-- [ RunTime:0.001953s ]
ERR: 无法加载模块:Application

[ 2017-10-27T09:23:53+08:00 ] ::1 /ThinkPHP/Application/Water/View/Public/css/__IMAGES__/rim2.png
INFO: [ app_init ] --START--
INFO: Run Behavior\BuildLiteBehavior [ RunTime:0.000000s ]
INFO: [ app_init ] --END-- [ RunTime:0.000976s ]
ERR: 无法加载模块:Application

[ 2017-10-27T09:24:01+08:00 ] ::1 /ThinkPHP/Application/Water/View/Public/bootstrap/css/bootstrap.css.map
INFO: [ app_init ] --START--
INFO: Run Behavior\BuildLiteBehavior [ RunTime:0.000000s ]
INFO: [ app_init ] --END-- [ RunTime:0.000977s ]
ERR: 无法加载模块:Application

[ 2017-10-27T09:25:28+08:00 ] ::1 /ThinkPHP/Application/Water/View/Public/css/__IMAGES__/rim1.png
INFO: [ app_init ] --START--
INFO: Run Behavior\BuildLiteBehavior [ RunTime:0.000000s ]
INFO: [ app_init ] --END-- [ RunTime:0.001953s ]
ERR: 无法加载模块:Application

[ 2017-10-27T09:25:28+08:00 ] ::1 /ThinkPHP/Application/Water/View/Public/css/__IMAGES__/backdrop.jpg
INFO: [ app_init ] --START--
INFO: Run Behavior\BuildLiteBehavior [ RunTime:0.000000s ]
INFO: [ app_init ] --END-- [ RunTime:0.001953s ]
ERR: 无法加载模块:Application

[ 2017-10-27T09:25:28+08:00 ] ::1 /ThinkPHP/Application/Water/View/Public/css/__IMAGES__/rim2.png
INFO: [ app_init ] --START--
INFO: Run Behavior\BuildLiteBehavior [ RunTime:0.000000s ]
INFO: [ app_init ] --END-- [ RunTime:0.000976s ]
ERR: 无法加载模块:Application

[ 2017-10-27T09:25:29+08:00 ] ::1 /ThinkPHP/Application/Water/View/Public/bootstrap/css/bootstrap.css.map
INFO: [ app_init ] --START--
INFO: Run Behavior\BuildLiteBehavior [ RunTime:0.000000s ]
INFO: [ app_init ] --END-- [ RunTime:0.000977s ]
ERR: 无法加载模块:Application

[ 2017-10-27T09:27:31+08:00 ] ::1 /ThinkPHP/Application/Water/View/Public/css/__IMAGES__/logbj.jpg
INFO: [ app_init ] --START--
INFO: Run Behavior\BuildLiteBehavior [ RunTime:0.000000s ]
INFO: [ app_init ] --END-- [ RunTime:0.000000s ]
ERR: 无法加载模块:Application

[ 2017-10-27T09:28:43+08:00 ] ::1 /ThinkPHP/Application/Water/View/Public/css/__IMAGES__/logbj.jpg
INFO: [ app_init ] --START--
INFO: Run Behavior\BuildLiteBehavior [ RunTime:0.000000s ]
INFO: [ app_init ] --END-- [ RunTime:0.000976s ]
ERR: 无法加载模块:Application

[ 2017-10-27T09:29:39+08:00 ] ::1 /ThinkPHP/Application/Water/View/Public/css/__IMAGES__/logbj.jpg
INFO: [ app_init ] --START--
INFO: Run Behavior\BuildLiteBehavior [ RunTime:0.000000s ]
INFO: [ app_init ] --END-- [ RunTime:0.000977s ]
ERR: 无法加载模块:Application

[ 2017-10-27T09:31:40+08:00 ] ::1 /ThinkPHP/Application/Water/View/Public/css/__IMAGES__
INFO: [ app_init ] --START--
INFO: Run Behavior\BuildLiteBehavior [ RunTime:0.000000s ]
INFO: [ app_init ] --END-- [ RunTime:0.000977s ]
ERR: 无法加载模块:Application

[ 2017-10-27T09:36:25+08:00 ] ::1 /ThinkPHP/Application/Water/View/Public/Public/img/logbj.jpg
INFO: [ app_init ] --START--
INFO: Run Behavior\BuildLiteBehavior [ RunTime:0.000000s ]
INFO: [ app_init ] --END-- [ RunTime:0.000977s ]
ERR: 无法加载模块:Application

[ 2017-10-27T09:40:28+08:00 ] ::1 /ThinkPHP/Application/Water/View/Public/css/__IMAGES__/rim1.png
INFO: [ app_init ] --START--
INFO: Run Behavior\BuildLiteBehavior [ RunTime:0.000000s ]
INFO: [ app_init ] --END-- [ RunTime:0.000977s ]
ERR: 无法加载模块:Application

[ 2017-10-27T09:40:28+08:00 ] ::1 /ThinkPHP/Application/Water/View/Public/css/__IMAGES__/rim2.png
INFO: [ app_init ] --START--
INFO: Run Behavior\BuildLiteBehavior [ RunTime:0.000000s ]
INFO: [ app_init ] --END-- [ RunTime:0.000976s ]
ERR: 无法加载模块:Application

[ 2017-10-27T09:40:28+08:00 ] ::1 /ThinkPHP/Application/Water/View/Public/css/__IMAGES__/backdrop.jpg
INFO: [ app_init ] --START--
INFO: Run Behavior\BuildLiteBehavior [ RunTime:0.000000s ]
INFO: [ app_init ] --END-- [ RunTime:0.000977s ]
ERR: 无法加载模块:Application

[ 2017-10-27T09:40:28+08:00 ] ::1 /ThinkPHP/Application/Water/View/Public/bootstrap/css/bootstrap.css.map
INFO: [ app_init ] --START--
INFO: Run Behavior\BuildLiteBehavior [ RunTime:0.000000s ]
INFO: [ app_init ] --END-- [ RunTime:0.000976s ]
ERR: 无法加载模块:Application

[ 2017-10-27T09:40:53+08:00 ] ::1 /ThinkPHP/Application/Water/View/Public/css/__IMAGES__/rim2.png
INFO: [ app_init ] --START--
INFO: Run Behavior\BuildLiteBehavior [ RunTime:0.000000s ]
INFO: [ app_init ] --END-- [ RunTime:0.000976s ]
ERR: 无法加载模块:Application

[ 2017-10-27T09:40:53+08:00 ] ::1 /ThinkPHP/Application/Water/View/Public/css/__IMAGES__/backdrop.jpg
INFO: [ app_init ] --START--
INFO: Run Behavior\BuildLiteBehavior [ RunTime:0.000000s ]
INFO: [ app_init ] --END-- [ RunTime:0.002930s ]
ERR: 无法加载模块:Application

[ 2017-10-27T09:40:53+08:00 ] ::1 /ThinkPHP/Application/Water/View/Public/css/__IMAGES__/rim1.png
INFO: [ app_init ] --START--
INFO: Run Behavior\BuildLiteBehavior [ RunTime:0.000000s ]
INFO: [ app_init ] --END-- [ RunTime:0.005860s ]
ERR: 无法加载模块:Application

[ 2017-10-27T09:40:53+08:00 ] ::1 /ThinkPHP/Application/Water/View/Public/bootstrap/css/bootstrap.css.map
INFO: [ app_init ] --START--
INFO: Run Behavior\BuildLiteBehavior [ RunTime:0.000000s ]
INFO: [ app_init ] --END-- [ RunTime:0.001953s ]
ERR: 无法加载模块:Application

[ 2017-10-27T09:41:22+08:00 ] ::1 /ThinkPHP/Application/Water/View/Public/css/__IMAGES__/backdrop.jpg
INFO: [ app_init ] --START--
INFO: Run Behavior\BuildLiteBehavior [ RunTime:0.000000s ]
INFO: [ app_init ] --END-- [ RunTime:0.001954s ]
ERR: 无法加载模块:Application

[ 2017-10-27T09:41:22+08:00 ] ::1 /ThinkPHP/Application/Water/View/Public/css/__IMAGES__/rim2.png
INFO: [ app_init ] --START--
INFO: Run Behavior\BuildLiteBehavior [ RunTime:0.000000s ]
INFO: [ app_init ] --END-- [ RunTime:0.000977s ]
ERR: 无法加载模块:Application

[ 2017-10-27T09:41:22+08:00 ] ::1 /ThinkPHP/Application/Water/View/Public/css/__IMAGES__/rim1.png
INFO: [ app_init ] --START--
INFO: Run Behavior\BuildLiteBehavior [ RunTime:0.000000s ]
INFO: [ app_init ] --END-- [ RunTime:0.001953s ]
ERR: 无法加载模块:Application

[ 2017-10-27T09:41:22+08:00 ] ::1 /ThinkPHP/Application/Water/View/Public/bootstrap/css/bootstrap.css.map
INFO: [ app_init ] --START--
INFO: Run Behavior\BuildLiteBehavior [ RunTime:0.000000s ]
INFO: [ app_init ] --END-- [ RunTime:0.000977s ]
ERR: 无法加载模块:Application

[ 2017-10-27T09:41:30+08:00 ] ::1 /ThinkPHP/Application/Water/View/Public/css/__IMAGES__/rim2.png
INFO: [ app_init ] --START--
INFO: Run Behavior\BuildLiteBehavior [ RunTime:0.000000s ]
INFO: [ app_init ] --END-- [ RunTime:0.001953s ]
ERR: 无法加载模块:Application

[ 2017-10-27T09:41:30+08:00 ] ::1 /ThinkPHP/Application/Water/View/Public/css/__IMAGES__/rim1.png
INFO: [ app_init ] --START--
INFO: Run Behavior\BuildLiteBehavior [ RunTime:0.000000s ]
INFO: [ app_init ] --END-- [ RunTime:0.000977s ]
ERR: 无法加载模块:Application

[ 2017-10-27T09:41:30+08:00 ] ::1 /ThinkPHP/Application/Water/View/Public/bootstrap/css/bootstrap.css.map
INFO: [ app_init ] --START--
INFO: Run Behavior\BuildLiteBehavior [ RunTime:0.000977s ]
INFO: [ app_init ] --END-- [ RunTime:0.000977s ]
ERR: 无法加载模块:Application

[ 2017-10-27T09:41:37+08:00 ] ::1 /ThinkPHP/Application/Water/View/Public/css/__IMAGES__/rim1.png
INFO: [ app_init ] --START--
INFO: Run Behavior\BuildLiteBehavior [ RunTime:0.000000s ]
INFO: [ app_init ] --END-- [ RunTime:0.000977s ]
ERR: 无法加载模块:Application

[ 2017-10-27T09:41:37+08:00 ] ::1 /ThinkPHP/Application/Water/View/Public/css/__IMAGES__/rim2.png
INFO: [ app_init ] --START--
INFO: Run Behavior\BuildLiteBehavior [ RunTime:0.000000s ]
INFO: [ app_init ] --END-- [ RunTime:0.002930s ]
ERR: 无法加载模块:Application

[ 2017-10-27T09:41:37+08:00 ] ::1 /ThinkPHP/Application/Water/View/Public/bootstrap/css/bootstrap.css.map
INFO: [ app_init ] --START--
INFO: Run Behavior\BuildLiteBehavior [ RunTime:0.000977s ]
INFO: [ app_init ] --END-- [ RunTime:0.000977s ]
ERR: 无法加载模块:Application

[ 2017-10-27T09:42:23+08:00 ] ::1 /ThinkPHP/Application/Water/View/Public/bootstrap/css/bootstrap.css.map
INFO: [ app_init ] --START--
INFO: Run Behavior\BuildLiteBehavior [ RunTime:0.000000s ]
INFO: [ app_init ] --END-- [ RunTime:0.000976s ]
ERR: 无法加载模块:Application

[ 2017-10-27T09:42:30+08:00 ] ::1 /ThinkPHP/Application/Water/View/Public/bootstrap/css/bootstrap.css.map
INFO: [ app_init ] --START--
INFO: Run Behavior\BuildLiteBehavior [ RunTime:0.000000s ]
INFO: [ app_init ] --END-- [ RunTime:0.000977s ]
ERR: 无法加载模块:Application

[ 2017-10-27T09:45:07+08:00 ] ::1 /ThinkPHP/Application/Water/View/Public/bootstrap/css/bootstrap.css.map
INFO: [ app_init ] --START--
INFO: Run Behavior\BuildLiteBehavior [ RunTime:0.000000s ]
INFO: [ app_init ] --END-- [ RunTime:0.000977s ]
ERR: 无法加载模块:Application

[ 2017-10-27T09:45:22+08:00 ] ::1 /ThinkPHP/Application/Water/View/Public/bootstrap/css/bootstrap.css.map
INFO: [ app_init ] --START--
INFO: Run Behavior\BuildLiteBehavior [ RunTime:0.000000s ]
INFO: [ app_init ] --END-- [ RunTime:0.001953s ]
ERR: 无法加载模块:Application

[ 2017-10-27T09:45:53+08:00 ] ::1 /ThinkPHP/Application/Water/View/Public/bootstrap/css/bootstrap.css.map
INFO: [ app_init ] --START--
INFO: Run Behavior\BuildLiteBehavior [ RunTime:0.000977s ]
INFO: [ app_init ] --END-- [ RunTime:0.001953s ]
ERR: 无法加载模块:Application

[ 2017-10-27T09:52:11+08:00 ] ::1 /ThinkPHP/Application/Water/View/Public/bootstrap/css/bootstrap.css.map
INFO: [ app_init ] --START--
INFO: Run Behavior\BuildLiteBehavior [ RunTime:0.000977s ]
INFO: [ app_init ] --END-- [ RunTime:0.001953s ]
ERR: 无法加载模块:Application

[ 2017-10-27T09:52:51+08:00 ] ::1 /ThinkPHP/Application/Water/View/Public/bootstrap/css/bootstrap.css.map
INFO: [ app_init ] --START--
INFO: Run Behavior\BuildLiteBehavior [ RunTime:0.000000s ]
INFO: [ app_init ] --END-- [ RunTime:0.000000s ]
ERR: 无法加载模块:Application

[ 2017-10-27T09:53:08+08:00 ] ::1 /ThinkPHP/Application/Water/View/Public/bootstrap/css/bootstrap.css.map
INFO: [ app_init ] --START--
INFO: Run Behavior\BuildLiteBehavior [ RunTime:0.000000s ]
INFO: [ app_init ] --END-- [ RunTime:0.000000s ]
ERR: 无法加载模块:Application

[ 2017-10-27T09:53:12+08:00 ] ::1 /ThinkPHP/Application/Water/View/Public/bootstrap/css/bootstrap.css.map
INFO: [ app_init ] --START--
INFO: Run Behavior\BuildLiteBehavior [ RunTime:0.000000s ]
INFO: [ app_init ] --END-- [ RunTime:0.000976s ]
ERR: 无法加载模块:Application

[ 2017-10-27T09:56:05+08:00 ] ::1 /ThinkPHP/Application/Water/View/Public/bootstrap/css/bootstrap.css.map
INFO: [ app_init ] --START--
INFO: Run Behavior\BuildLiteBehavior [ RunTime:0.000000s ]
INFO: [ app_init ] --END-- [ RunTime:0.001953s ]
ERR: 无法加载模块:Application

[ 2017-10-27T09:56:29+08:00 ] ::1 /ThinkPHP/Application/Water/View/Public/bootstrap/css/bootstrap.css.map
INFO: [ app_init ] --START--
INFO: Run Behavior\BuildLiteBehavior [ RunTime:0.000000s ]
INFO: [ app_init ] --END-- [ RunTime:0.000977s ]
ERR: 无法加载模块:Application

[ 2017-10-27T09:56:52+08:00 ] ::1 /ThinkPHP/Application/Water/View/Public/bootstrap/css/bootstrap.css.map
INFO: [ app_init ] --START--
INFO: Run Behavior\BuildLiteBehavior [ RunTime:0.000000s ]
INFO: [ app_init ] --END-- [ RunTime:0.001953s ]
ERR: 无法加载模块:Application

[ 2017-10-27T09:56:55+08:00 ] ::1 /ThinkPHP/Application/Water/View/Public/bootstrap/css/bootstrap.css.map
INFO: [ app_init ] --START--
INFO: Run Behavior\BuildLiteBehavior [ RunTime:0.000000s ]
INFO: [ app_init ] --END-- [ RunTime:0.000977s ]
ERR: 无法加载模块:Application

[ 2017-10-27T09:56:55+08:00 ] ::1 /ThinkPHP/Application/Water/View/Public/bootstrap/css/bootstrap.css.map
INFO: [ app_init ] --START--
INFO: Run Behavior\BuildLiteBehavior [ RunTime:0.000000s ]
INFO: [ app_init ] --END-- [ RunTime:0.000976s ]
ERR: 无法加载模块:Application

[ 2017-10-27T09:57:01+08:00 ] ::1 /ThinkPHP/Application/Water/View/Public/bootstrap/css/bootstrap.css.map
INFO: [ app_init ] --START--
INFO: Run Behavior\BuildLiteBehavior [ RunTime:0.000000s ]
INFO: [ app_init ] --END-- [ RunTime:0.000977s ]
ERR: 无法加载模块:Application

[ 2017-10-27T09:57:55+08:00 ] ::1 /ThinkPHP/Application/Water/View/Public/bootstrap/css/bootstrap.css.map
INFO: [ app_init ] --START--
INFO: Run Behavior\BuildLiteBehavior [ RunTime:0.000000s ]
INFO: [ app_init ] --END-- [ RunTime:0.000976s ]
ERR: 无法加载模块:Application

[ 2017-10-27T09:59:23+08:00 ] ::1 /ThinkPHP/Application/Water/View/Public/bootstrap/css/bootstrap.css.map
INFO: [ app_init ] --START--
INFO: Run Behavior\BuildLiteBehavior [ RunTime:0.000000s ]
INFO: [ app_init ] --END-- [ RunTime:0.000977s ]
ERR: 无法加载模块:Application

[ 2017-10-27T09:59:50+08:00 ] ::1 /ThinkPHP/Application/Water/View/Public/bootstrap/css/bootstrap.css.map
INFO: [ app_init ] --START--
INFO: Run Behavior\BuildLiteBehavior [ RunTime:0.000000s ]
INFO: [ app_init ] --END-- [ RunTime:0.001953s ]
ERR: 无法加载模块:Application

[ 2017-10-27T10:00:38+08:00 ] ::1 /ThinkPHP/Application/Water/View/Public/bootstrap/css/bootstrap.css.map
INFO: [ app_init ] --START--
INFO: Run Behavior\BuildLiteBehavior [ RunTime:0.000000s ]
INFO: [ app_init ] --END-- [ RunTime:0.000000s ]
ERR: 无法加载模块:Application

[ 2017-10-27T10:00:50+08:00 ] ::1 /ThinkPHP/Application/Water/View/Public/bootstrap/css/bootstrap.css.map
INFO: [ app_init ] --START--
INFO: Run Behavior\BuildLiteBehavior [ RunTime:0.000000s ]
INFO: [ app_init ] --END-- [ RunTime:0.000976s ]
ERR: 无法加载模块:Application

[ 2017-10-27T10:01:14+08:00 ] ::1 /ThinkPHP/Application/Water/View/Public/bootstrap/css/bootstrap.css.map
INFO: [ app_init ] --START--
INFO: Run Behavior\BuildLiteBehavior [ RunTime:0.000000s ]
INFO: [ app_init ] --END-- [ RunTime:0.001953s ]
ERR: 无法加载模块:Application

[ 2017-10-27T10:01:52+08:00 ] ::1 /ThinkPHP/Application/Water/View/Public/bootstrap/css/bootstrap.css.map
INFO: [ app_init ] --START--
INFO: Run Behavior\BuildLiteBehavior [ RunTime:0.000000s ]
INFO: [ app_init ] --END-- [ RunTime:0.000976s ]
ERR: 无法加载模块:Application

[ 2017-10-27T10:04:04+08:00 ] ::1 /ThinkPHP/Application/Water/View/Public/bootstrap/css/bootstrap.css.map
INFO: [ app_init ] --START--
INFO: Run Behavior\BuildLiteBehavior [ RunTime:0.000000s ]
INFO: [ app_init ] --END-- [ RunTime:0.000977s ]
ERR: 无法加载模块:Application

[ 2017-10-27T10:53:17+08:00 ] ::1 /ThinkPHP/Application/Water/View/Public/bootstrap/css/bootstrap.css.map
INFO: [ app_init ] --START--
INFO: Run Behavior\BuildLiteBehavior [ RunTime:0.000977s ]
INFO: [ app_init ] --END-- [ RunTime:0.001953s ]
ERR: 无法加载模块:Application

[ 2017-10-27T10:54:35+08:00 ] ::1 /ThinkPHP/Application/Water/View/Public/bootstrap/css/bootstrap.css.map
INFO: [ app_init ] --START--
INFO: Run Behavior\BuildLiteBehavior [ RunTime:0.000000s ]
INFO: [ app_init ] --END-- [ RunTime:0.001953s ]
ERR: 无法加载模块:Application

[ 2017-10-27T14:27:34+08:00 ] ::1 /ThinkPHP/Application/Water/View/Public/bootstrap/css/bootstrap.css.map
INFO: [ app_init ] --START--
INFO: Run Behavior\BuildLiteBehavior [ RunTime:0.000000s ]
INFO: [ app_init ] --END-- [ RunTime:0.000976s ]
ERR: 无法加载模块:Application

[ 2017-10-27T14:28:29+08:00 ] ::1 /ThinkPHP/Application/Water/View/Public/bootstrap/css/bootstrap.css.map
INFO: [ app_init ] --START--
INFO: Run Behavior\BuildLiteBehavior [ RunTime:0.000000s ]
INFO: [ app_init ] --END-- [ RunTime:0.000976s ]
ERR: 无法加载模块:Application

[ 2017-10-27T14:28:32+08:00 ] ::1 /ThinkPHP/Application/Water/View/Public/bootstrap/css/bootstrap.css.map
INFO: [ app_init ] --START--
INFO: Run Behavior\BuildLiteBehavior [ RunTime:0.000000s ]
INFO: [ app_init ] --END-- [ RunTime:0.001953s ]
ERR: 无法加载模块:Application

[ 2017-10-27T14:28:40+08:00 ] ::1 /ThinkPHP/Application/Water/View/Public/bootstrap/css/bootstrap.css.map
INFO: [ app_init ] --START--
INFO: Run Behavior\BuildLiteBehavior [ RunTime:0.000000s ]
INFO: [ app_init ] --END-- [ RunTime:0.000977s ]
ERR: 无法加载模块:Application

[ 2017-10-27T14:28:40+08:00 ] ::1 /ThinkPHP/Application/Water/Public/js/chart/bar.js
INFO: [ app_init ] --START--
INFO: Run Behavior\BuildLiteBehavior [ RunTime:0.000000s ]
INFO: [ app_init ] --END-- [ RunTime:0.000977s ]
ERR: 无法加载模块:Application

[ 2017-10-27T14:28:40+08:00 ] ::1 /ThinkPHP/Application/Water/Public/js/chart/line.js
INFO: [ app_init ] --START--
INFO: Run Behavior\BuildLiteBehavior [ RunTime:0.000000s ]
INFO: [ app_init ] --END-- [ RunTime:0.000977s ]
ERR: 无法加载模块:Application

[ 2017-10-27T14:29:03+08:00 ] ::1 /ThinkPHP/Application/Water/View/Public/bootstrap/css/bootstrap.css.map
INFO: [ app_init ] --START--
INFO: Run Behavior\BuildLiteBehavior [ RunTime:0.000000s ]
INFO: [ app_init ] --END-- [ RunTime:0.001954s ]
ERR: 无法加载模块:Application

