[ 2018-02-01T15:16:15+08:00 ] ::1 /Xixiu/Application/Home/Public/Shui/Tab/tab.js
INFO: [ app_init ] --START--
INFO: Run Behavior\BuildLiteBehavior [ RunTime:0.000000s ]
INFO: [ app_init ] --END-- [ RunTime:0.000976s ]
ERR: 无法加载模块:Application

[ 2018-02-01T15:16:21+08:00 ] ::1 /Xixiu/Application/Home/Public/Shui/Tab/tab.js
INFO: [ app_init ] --START--
INFO: Run Behavior\BuildLiteBehavior [ RunTime:0.000000s ]
INFO: [ app_init ] --END-- [ RunTime:0.000977s ]
ERR: 无法加载模块:Application

[ 2018-02-01T15:16:29+08:00 ] ::1 /Xixiu/Application/Home/Public/Shui/Tab/tab.js
INFO: [ app_init ] --START--
INFO: Run Behavior\BuildLiteBehavior [ RunTime:0.000000s ]
INFO: [ app_init ] --END-- [ RunTime:0.000976s ]
ERR: 无法加载模块:Application

[ 2018-02-01T15:17:33+08:00 ] ::1 /Xixiu/Application/Home/Public/Shui/Tab/tab.js
INFO: [ app_init ] --START--
INFO: Run Behavior\BuildLiteBehavior [ RunTime:0.000000s ]
INFO: [ app_init ] --END-- [ RunTime:0.000977s ]
ERR: 无法加载模块:Application

[ 2018-02-01T15:17:34+08:00 ] ::1 /Xixiu/Application/Home/Public/Shui/Tab/tab.js
INFO: [ app_init ] --START--
INFO: Run Behavior\BuildLiteBehavior [ RunTime:0.000000s ]
INFO: [ app_init ] --END-- [ RunTime:0.000000s ]
ERR: 无法加载模块:Application

[ 2018-02-01T15:20:26+08:00 ] ::1 /Xixiu/Application/Home/Public/Shui/Tab/tab.js
INFO: [ app_init ] --START--
INFO: Run Behavior\BuildLiteBehavior [ RunTime:0.000977s ]
INFO: [ app_init ] --END-- [ RunTime:0.000977s ]
ERR: 无法加载模块:Application

[ 2018-02-01T15:21:49+08:00 ] ::1 /Xixiu/Application/Home/Public/Shui/Tab/app.js
INFO: [ app_init ] --START--
INFO: Run Behavior\BuildLiteBehavior [ RunTime:0.000000s ]
INFO: [ app_init ] --END-- [ RunTime:0.001954s ]
ERR: 无法加载模块:Application

[ 2018-02-01T15:32:32+08:00 ] ::1 /Xixiu/Application/Home/Public/Shui/Tab/tab.js
INFO: [ app_init ] --START--
INFO: Run Behavior\BuildLiteBehavior [ RunTime:0.000000s ]
INFO: [ app_init ] --END-- [ RunTime:0.000000s ]
ERR: 无法加载模块:Application

[ 2018-02-01T15:32:40+08:00 ] ::1 /Xixiu/Application/Home/Public/Shui/Tab/tab.js
INFO: [ app_init ] --START--
INFO: Run Behavior\BuildLiteBehavior [ RunTime:0.000977s ]
INFO: [ app_init ] --END-- [ RunTime:0.000977s ]
ERR: 无法加载模块:Application

[ 2018-02-01T15:32:51+08:00 ] ::1 /Xixiu/Application/Home/Public/Shui/Tab/tab.js
INFO: [ app_init ] --START--
INFO: Run Behavior\BuildLiteBehavior [ RunTime:0.000000s ]
INFO: [ app_init ] --END-- [ RunTime:0.000977s ]
ERR: 无法加载模块:Application

[ 2018-02-01T15:34:49+08:00 ] ::1 /Xixiu/Application/Home/Public/Shui/Tab//Xixiu/Application/Home/Public/Shui/Tab/tab.js
INFO: [ app_init ] --START--
INFO: Run Behavior\BuildLiteBehavior [ RunTime:0.000000s ]
INFO: [ app_init ] --END-- [ RunTime:0.000976s ]
ERR: 无法加载模块:Application

[ 2018-02-01T15:34:53+08:00 ] ::1 /Xixiu/Application/Home/Public/Shui/Tab//Xixiu/Application/Home/Public/Shui/Tab/tab.js
INFO: [ app_init ] --START--
INFO: Run Behavior\BuildLiteBehavior [ RunTime:0.000000s ]
INFO: [ app_init ] --END-- [ RunTime:0.001953s ]
ERR: 无法加载模块:Application

[ 2018-02-01T15:55:27+08:00 ] ::1 /Xixiu/Application/Home/Public/Shui/Tab/tab.js
INFO: [ app_init ] --START--
INFO: Run Behavior\BuildLiteBehavior [ RunTime:0.000000s ]
INFO: [ app_init ] --END-- [ RunTime:0.001953s ]
ERR: 无法加载模块:Application

[ 2018-02-01T15:55:27+08:00 ] ::1 /Xixiu/Application/Home/Public/Shui/Tab/app.js
INFO: [ app_init ] --START--
INFO: Run Behavior\BuildLiteBehavior [ RunTime:0.000000s ]
INFO: [ app_init ] --END-- [ RunTime:0.000976s ]
ERR: 无法加载模块:Application

