[ 2017-09-04T16:10:05+08:00 ] ::1 /ThinkPHP/IotRouter
INFO: [ app_init ] --START--
INFO: Run Behavior\BuildLiteBehavior [ RunTime:0.000040s ]
INFO: [ app_init ] --END-- [ RunTime:0.000715s ]
INFO: [ app_begin ] --START--
INFO: Run Behavior\ReadHtmlCacheBehavior [ RunTime:0.001213s ]
INFO: [ app_begin ] --END-- [ RunTime:0.001436s ]

[ 2017-09-04T16:17:26+08:00 ] ::1 /ThinkPHP/IotRouter/Project/get
INFO: [ app_init ] --START--
INFO: Run Behavior\BuildLiteBehavior [ RunTime:0.000173s ]
INFO: [ app_init ] --END-- [ RunTime:0.000816s ]
INFO: [ app_begin ] --START--
INFO: Run Behavior\ReadHtmlCacheBehavior [ RunTime:0.001099s ]
INFO: [ app_begin ] --END-- [ RunTime:0.001299s ]
NOTIC: [2048] Declaration of IotRouter\Controller\ProjectController::get() should be compatible with Think\Controller::get($name = '') C:\wamp64\www\ThinkPHP\Application\IotRouter\Controller\ProjectController.class.php 第 17 行.
INFO: [ view_parse ] --START--
INFO: [ template_filter ] --START--
INFO: Run Behavior\ContentReplaceBehavior [ RunTime:0.000087s ]
INFO: [ template_filter ] --END-- [ RunTime:0.000350s ]
INFO: Run Behavior\ParseTemplateBehavior [ RunTime:0.196953s ]
INFO: [ view_parse ] --END-- [ RunTime:0.197160s ]
INFO: [ view_filter ] --START--
INFO: Run Behavior\WriteHtmlCacheBehavior [ RunTime:0.000897s ]
INFO: [ view_filter ] --END-- [ RunTime:0.001069s ]
INFO: [ app_end ] --START--
INFO: Run Behavior\ShowPageTraceBehavior [ RunTime:0.001007s ]
INFO: [ app_end ] --END-- [ RunTime:0.001181s ]

[ 2017-09-04T16:19:45+08:00 ] ::1 /ThinkPHP/IotRouter/Project/
INFO: [ app_init ] --START--
INFO: Run Behavior\BuildLiteBehavior [ RunTime:0.000040s ]
INFO: [ app_init ] --END-- [ RunTime:0.000649s ]
INFO: [ app_begin ] --START--
INFO: Run Behavior\ReadHtmlCacheBehavior [ RunTime:0.000878s ]
INFO: [ app_begin ] --END-- [ RunTime:0.001079s ]
NOTIC: [2048] Declaration of IotRouter\Controller\ProjectController::get() should be compatible with Think\Controller::get($name = '') C:\wamp64\www\ThinkPHP\Application\IotRouter\Controller\ProjectController.class.php 第 17 行.
ERR: 非法操作:index

[ 2017-09-04T16:19:54+08:00 ] ::1 /ThinkPHP/IotRouter/news.html
INFO: [ app_init ] --START--
INFO: Run Behavior\BuildLiteBehavior [ RunTime:0.000039s ]
INFO: [ app_init ] --END-- [ RunTime:0.000663s ]
INFO: [ app_begin ] --START--
INFO: Run Behavior\ReadHtmlCacheBehavior [ RunTime:0.001088s ]
INFO: [ app_begin ] --END-- [ RunTime:0.001275s ]
ERR: 无法加载控制器:News

[ 2017-09-04T17:38:35+08:00 ] ::1 /ThinkPHP/IotRouter/Project/news
INFO: [ app_init ] --START--
INFO: Run Behavior\BuildLiteBehavior [ RunTime:0.000051s ]
INFO: [ app_init ] --END-- [ RunTime:0.001023s ]
INFO: [ app_begin ] --START--
INFO: Run Behavior\ReadHtmlCacheBehavior [ RunTime:0.000850s ]
INFO: [ app_begin ] --END-- [ RunTime:0.001042s ]
NOTIC: [2048] Declaration of IotRouter\Controller\ProjectController::get() should be compatible with Think\Controller::get($name = '') C:\wamp64\www\ThinkPHP\Application\IotRouter\Controller\ProjectController.class.php 第 20 行.
INFO: [ view_parse ] --START--
INFO: [ template_filter ] --START--
INFO: Run Behavior\ContentReplaceBehavior [ RunTime:0.000426s ]
INFO: [ template_filter ] --END-- [ RunTime:0.000623s ]
INFO: Run Behavior\ParseTemplateBehavior [ RunTime:0.098508s ]
INFO: [ view_parse ] --END-- [ RunTime:0.098760s ]
INFO: [ view_filter ] --START--
INFO: Run Behavior\WriteHtmlCacheBehavior [ RunTime:0.000650s ]
INFO: [ view_filter ] --END-- [ RunTime:0.000820s ]
INFO: [ app_end ] --START--
INFO: Run Behavior\ShowPageTraceBehavior [ RunTime:0.000810s ]
INFO: [ app_end ] --END-- [ RunTime:0.001008s ]

[ 2017-09-04T17:38:35+08:00 ] ::1 /ThinkPHP/IotRouter/Project/css/bootstrap.min.css
INFO: [ app_init ] --START--
INFO: Run Behavior\BuildLiteBehavior [ RunTime:0.000055s ]
INFO: [ app_init ] --END-- [ RunTime:0.004133s ]
INFO: [ app_begin ] --START--
INFO: Run Behavior\ReadHtmlCacheBehavior [ RunTime:0.000815s ]
INFO: [ app_begin ] --END-- [ RunTime:0.001062s ]
NOTIC: [2048] Declaration of IotRouter\Controller\ProjectController::get() should be compatible with Think\Controller::get($name = '') C:\wamp64\www\ThinkPHP\Application\IotRouter\Controller\ProjectController.class.php 第 20 行.
ERR: 非法操作:css

[ 2017-09-04T17:38:35+08:00 ] ::1 /ThinkPHP/IotRouter/Project/js/jquery.min.js
INFO: [ app_init ] --START--
INFO: Run Behavior\BuildLiteBehavior [ RunTime:0.000048s ]
INFO: [ app_init ] --END-- [ RunTime:0.000733s ]
INFO: [ app_begin ] --START--
INFO: Run Behavior\ReadHtmlCacheBehavior [ RunTime:0.000982s ]
INFO: [ app_begin ] --END-- [ RunTime:0.001230s ]
NOTIC: [2048] Declaration of IotRouter\Controller\ProjectController::get() should be compatible with Think\Controller::get($name = '') C:\wamp64\www\ThinkPHP\Application\IotRouter\Controller\ProjectController.class.php 第 20 行.
ERR: 非法操作:js

[ 2017-09-04T17:38:35+08:00 ] ::1 /ThinkPHP/IotRouter/Project/css/zishiying.css
INFO: [ app_init ] --START--
INFO: Run Behavior\BuildLiteBehavior [ RunTime:0.000047s ]
INFO: [ app_init ] --END-- [ RunTime:0.000749s ]
INFO: [ app_begin ] --START--
INFO: Run Behavior\ReadHtmlCacheBehavior [ RunTime:0.001156s ]
INFO: [ app_begin ] --END-- [ RunTime:0.001422s ]
NOTIC: [2048] Declaration of IotRouter\Controller\ProjectController::get() should be compatible with Think\Controller::get($name = '') C:\wamp64\www\ThinkPHP\Application\IotRouter\Controller\ProjectController.class.php 第 20 行.
ERR: 非法操作:css

[ 2017-09-04T17:38:35+08:00 ] ::1 /ThinkPHP/IotRouter/Project/js/jquery.flexslider-min.js
INFO: [ app_init ] --START--
INFO: Run Behavior\BuildLiteBehavior [ RunTime:0.000048s ]
INFO: [ app_init ] --END-- [ RunTime:0.000771s ]
INFO: [ app_begin ] --START--
INFO: Run Behavior\ReadHtmlCacheBehavior [ RunTime:0.000978s ]
INFO: [ app_begin ] --END-- [ RunTime:0.001229s ]
NOTIC: [2048] Declaration of IotRouter\Controller\ProjectController::get() should be compatible with Think\Controller::get($name = '') C:\wamp64\www\ThinkPHP\Application\IotRouter\Controller\ProjectController.class.php 第 20 行.
ERR: 非法操作:js

[ 2017-09-04T17:38:35+08:00 ] ::1 /ThinkPHP/IotRouter/Project/css/style.css
INFO: [ app_init ] --START--
INFO: Run Behavior\BuildLiteBehavior [ RunTime:0.000046s ]
INFO: [ app_init ] --END-- [ RunTime:0.000880s ]
INFO: [ app_begin ] --START--
INFO: Run Behavior\ReadHtmlCacheBehavior [ RunTime:0.004959s ]
INFO: [ app_begin ] --END-- [ RunTime:0.005328s ]
NOTIC: [2048] Declaration of IotRouter\Controller\ProjectController::get() should be compatible with Think\Controller::get($name = '') C:\wamp64\www\ThinkPHP\Application\IotRouter\Controller\ProjectController.class.php 第 20 行.
ERR: 非法操作:css

[ 2017-09-04T17:38:35+08:00 ] ::1 /ThinkPHP/IotRouter/Project/css/reset.css
INFO: [ app_init ] --START--
INFO: Run Behavior\BuildLiteBehavior [ RunTime:0.000051s ]
INFO: [ app_init ] --END-- [ RunTime:0.005240s ]
INFO: [ app_begin ] --START--
INFO: Run Behavior\ReadHtmlCacheBehavior [ RunTime:0.001191s ]
INFO: [ app_begin ] --END-- [ RunTime:0.001444s ]
NOTIC: [2048] Declaration of IotRouter\Controller\ProjectController::get() should be compatible with Think\Controller::get($name = '') C:\wamp64\www\ThinkPHP\Application\IotRouter\Controller\ProjectController.class.php 第 20 行.
ERR: 非法操作:css

[ 2017-09-04T17:38:35+08:00 ] ::1 /ThinkPHP/IotRouter/Project/js/jquery.flexslider-min.js
INFO: [ app_init ] --START--
INFO: Run Behavior\BuildLiteBehavior [ RunTime:0.000055s ]
INFO: [ app_init ] --END-- [ RunTime:0.000955s ]
INFO: [ app_begin ] --START--
INFO: Run Behavior\ReadHtmlCacheBehavior [ RunTime:0.000741s ]
INFO: [ app_begin ] --END-- [ RunTime:0.000958s ]
NOTIC: [2048] Declaration of IotRouter\Controller\ProjectController::get() should be compatible with Think\Controller::get($name = '') C:\wamp64\www\ThinkPHP\Application\IotRouter\Controller\ProjectController.class.php 第 20 行.
ERR: 非法操作:js

[ 2017-09-04T17:38:35+08:00 ] ::1 /ThinkPHP/IotRouter/Project/js/main.js
INFO: [ app_init ] --START--
INFO: Run Behavior\BuildLiteBehavior [ RunTime:0.000048s ]
INFO: [ app_init ] --END-- [ RunTime:0.000798s ]
INFO: [ app_begin ] --START--
INFO: Run Behavior\ReadHtmlCacheBehavior [ RunTime:0.001167s ]
INFO: [ app_begin ] --END-- [ RunTime:0.001390s ]
NOTIC: [2048] Declaration of IotRouter\Controller\ProjectController::get() should be compatible with Think\Controller::get($name = '') C:\wamp64\www\ThinkPHP\Application\IotRouter\Controller\ProjectController.class.php 第 20 行.
ERR: 非法操作:js

[ 2017-09-04T17:38:35+08:00 ] ::1 /ThinkPHP/IotRouter/Project/images/news231.jpg
INFO: [ app_init ] --START--
INFO: Run Behavior\BuildLiteBehavior [ RunTime:0.000055s ]
INFO: [ app_init ] --END-- [ RunTime:0.000696s ]

[ 2017-09-04T17:38:35+08:00 ] ::1 /ThinkPHP/IotRouter/Project/images/news.jpg
INFO: [ app_init ] --START--
INFO: Run Behavior\BuildLiteBehavior [ RunTime:0.000076s ]
INFO: [ app_init ] --END-- [ RunTime:0.000767s ]

[ 2017-09-04T17:38:35+08:00 ] ::1 /ThinkPHP/IotRouter/Project/js/flxed.js
INFO: [ app_init ] --START--
INFO: Run Behavior\BuildLiteBehavior [ RunTime:0.000060s ]
INFO: [ app_init ] --END-- [ RunTime:0.000759s ]
INFO: [ app_begin ] --START--
INFO: Run Behavior\ReadHtmlCacheBehavior [ RunTime:0.001064s ]
INFO: [ app_begin ] --END-- [ RunTime:0.001390s ]
NOTIC: [2048] Declaration of IotRouter\Controller\ProjectController::get() should be compatible with Think\Controller::get($name = '') C:\wamp64\www\ThinkPHP\Application\IotRouter\Controller\ProjectController.class.php 第 20 行.
ERR: 非法操作:js

[ 2017-09-04T17:38:35+08:00 ] ::1 /ThinkPHP/IotRouter/Project/logo.ico
INFO: [ app_init ] --START--
INFO: Run Behavior\BuildLiteBehavior [ RunTime:0.000049s ]
INFO: [ app_init ] --END-- [ RunTime:0.000766s ]

[ 2017-09-04T17:41:27+08:00 ] ::1 /ThinkPHP/IotRouter/Project/news
INFO: [ app_init ] --START--
INFO: Run Behavior\BuildLiteBehavior [ RunTime:0.000039s ]
INFO: [ app_init ] --END-- [ RunTime:0.000641s ]
INFO: [ app_begin ] --START--
INFO: Run Behavior\ReadHtmlCacheBehavior [ RunTime:0.000781s ]
INFO: [ app_begin ] --END-- [ RunTime:0.000958s ]
ERR: 无法加载控制器:Project

[ 2017-09-04T17:41:33+08:00 ] ::1 /ThinkPHP/IotRouter/Db/Project/news
INFO: [ app_init ] --START--
INFO: Run Behavior\BuildLiteBehavior [ RunTime:0.000039s ]
INFO: [ app_init ] --END-- [ RunTime:0.000622s ]
INFO: [ app_begin ] --START--
INFO: Run Behavior\ReadHtmlCacheBehavior [ RunTime:0.000815s ]
INFO: [ app_begin ] --END-- [ RunTime:0.000994s ]
ERR: 无法加载控制器:Db

[ 2017-09-04T17:42:13+08:00 ] ::1 /ThinkPHP/IotRouter/Db/Project/news
INFO: [ app_init ] --START--
INFO: Run Behavior\BuildLiteBehavior [ RunTime:0.000037s ]
INFO: [ app_init ] --END-- [ RunTime:0.000534s ]
INFO: [ app_begin ] --START--
INFO: Run Behavior\ReadHtmlCacheBehavior [ RunTime:0.000621s ]
INFO: [ app_begin ] --END-- [ RunTime:0.000803s ]
ERR: 无法加载控制器:Db

[ 2017-09-04T17:42:14+08:00 ] ::1 /ThinkPHP/IotRouter/Db/Project/news
INFO: [ app_init ] --START--
INFO: Run Behavior\BuildLiteBehavior [ RunTime:0.000037s ]
INFO: [ app_init ] --END-- [ RunTime:0.000531s ]
INFO: [ app_begin ] --START--
INFO: Run Behavior\ReadHtmlCacheBehavior [ RunTime:0.000852s ]
INFO: [ app_begin ] --END-- [ RunTime:0.001081s ]
ERR: 无法加载控制器:Db

[ 2017-09-04T17:42:17+08:00 ] ::1 /ThinkPHP/IotRouter/Db/Project/news
INFO: [ app_init ] --START--
INFO: Run Behavior\BuildLiteBehavior [ RunTime:0.000038s ]
INFO: [ app_init ] --END-- [ RunTime:0.000556s ]
INFO: [ app_begin ] --START--
INFO: Run Behavior\ReadHtmlCacheBehavior [ RunTime:0.000666s ]
INFO: [ app_begin ] --END-- [ RunTime:0.000850s ]
ERR: 无法加载控制器:Db

[ 2017-09-04T17:45:11+08:00 ] ::1 /ThinkPHP/IotRouter/View/Project/news.html
INFO: [ app_init ] --START--
INFO: Run Behavior\BuildLiteBehavior [ RunTime:0.000041s ]
INFO: [ app_init ] --END-- [ RunTime:0.000676s ]
INFO: [ app_begin ] --START--
INFO: Run Behavior\ReadHtmlCacheBehavior [ RunTime:0.001160s ]
INFO: [ app_begin ] --END-- [ RunTime:0.001371s ]
ERR: 无法加载控制器:View

