[ 2017-10-09T09:42:39+08:00 ] ::1 /ThinkPHP/index.php/IotRouter/
INFO: [ app_init ] --START--
INFO: Run Behavior\BuildLiteBehavior [ RunTime:0.000044s ]
INFO: [ app_init ] --END-- [ RunTime:0.015590s ]
INFO: [ app_begin ] --START--
INFO: Run Behavior\ReadHtmlCacheBehavior [ RunTime:0.007913s ]
INFO: [ app_begin ] --END-- [ RunTime:0.008138s ]

[ 2017-10-09T09:42:40+08:00 ] ::1 /ThinkPHP/index.php/IotRouter/Login/index.html
INFO: [ app_init ] --START--
INFO: Run Behavior\BuildLiteBehavior [ RunTime:0.000039s ]
INFO: [ app_init ] --END-- [ RunTime:0.000531s ]
INFO: [ app_begin ] --START--
INFO: Run Behavior\ReadHtmlCacheBehavior [ RunTime:0.000828s ]
INFO: [ app_begin ] --END-- [ RunTime:0.001073s ]
INFO: [ view_parse ] --START--
INFO: [ template_filter ] --START--
INFO: Run Behavior\ContentReplaceBehavior [ RunTime:0.000158s ]
INFO: [ template_filter ] --END-- [ RunTime:0.000349s ]
NOTIC: [8] Undefined variable: false_pwd C:\wamp64\www\ThinkPHP\Application\Runtime\Cache\IotRouter\bc6eadddea39228354cfe933e2f681d9.php 第 85 行.
NOTIC: [8] Undefined variable: false_verify C:\wamp64\www\ThinkPHP\Application\Runtime\Cache\IotRouter\bc6eadddea39228354cfe933e2f681d9.php 第 88 行.
INFO: Run Behavior\ParseTemplateBehavior [ RunTime:0.056152s ]
INFO: [ view_parse ] --END-- [ RunTime:0.056342s ]
INFO: [ view_filter ] --START--
INFO: Run Behavior\WriteHtmlCacheBehavior [ RunTime:0.007713s ]
INFO: [ view_filter ] --END-- [ RunTime:0.007927s ]
INFO: [ app_end ] --START--
INFO: Run Behavior\ShowPageTraceBehavior [ RunTime:0.010197s ]
INFO: [ app_end ] --END-- [ RunTime:0.010397s ]

[ 2017-10-09T09:42:40+08:00 ] ::1 /ThinkPHP/index.php/IotRouter/Login/verify.html
INFO: [ app_init ] --START--
INFO: Run Behavior\BuildLiteBehavior [ RunTime:0.000060s ]
INFO: [ app_init ] --END-- [ RunTime:0.000806s ]
INFO: [ app_begin ] --START--
INFO: Run Behavior\ReadHtmlCacheBehavior [ RunTime:0.000788s ]
INFO: [ app_begin ] --END-- [ RunTime:0.001168s ]
INFO: [ app_end ] --START--
INFO: Run Behavior\ShowPageTraceBehavior [ RunTime:0.001575s ]
INFO: [ app_end ] --END-- [ RunTime:0.001922s ]

[ 2017-10-09T09:42:52+08:00 ] ::1 /ThinkPHP/index.php/IotRouter/Login/login.html
INFO: [ app_init ] --START--
INFO: Run Behavior\BuildLiteBehavior [ RunTime:0.000038s ]
INFO: [ app_init ] --END-- [ RunTime:0.000633s ]
INFO: [ app_begin ] --START--
INFO: Run Behavior\ReadHtmlCacheBehavior [ RunTime:0.000793s ]
INFO: [ app_begin ] --END-- [ RunTime:0.001011s ]
SQL: SHOW COLUMNS FROM `user` [ RunTime:0.1048s ]
SQL: SELECT * FROM `user` WHERE `username` = 'admin' AND `password` = 'c56d0e9a7ccec67b4ea131655038d604'  [ RunTime:0.0592s ]

[ 2017-10-09T09:42:52+08:00 ] ::1 /ThinkPHP/index.php/IotRouter/Home/home.html
INFO: [ app_init ] --START--
INFO: Run Behavior\BuildLiteBehavior [ RunTime:0.000038s ]
INFO: [ app_init ] --END-- [ RunTime:0.000553s ]
INFO: [ app_begin ] --START--
INFO: Run Behavior\ReadHtmlCacheBehavior [ RunTime:0.000611s ]
INFO: [ app_begin ] --END-- [ RunTime:0.000795s ]
INFO: [ view_parse ] --START--
INFO: [ template_filter ] --START--
INFO: Run Behavior\ContentReplaceBehavior [ RunTime:0.000240s ]
INFO: [ template_filter ] --END-- [ RunTime:0.000433s ]
INFO: Run Behavior\ParseTemplateBehavior [ RunTime:0.132474s ]
INFO: [ view_parse ] --END-- [ RunTime:0.132690s ]
INFO: [ view_filter ] --START--
INFO: Run Behavior\WriteHtmlCacheBehavior [ RunTime:0.000684s ]
INFO: [ view_filter ] --END-- [ RunTime:0.000846s ]
INFO: [ app_end ] --START--
INFO: Run Behavior\ShowPageTraceBehavior [ RunTime:0.001573s ]
INFO: [ app_end ] --END-- [ RunTime:0.001795s ]

[ 2017-10-09T09:42:53+08:00 ] ::1 /ThinkPHP/index.php/IotRouter/Device/home.html
INFO: [ app_init ] --START--
INFO: Run Behavior\BuildLiteBehavior [ RunTime:0.000041s ]
INFO: [ app_init ] --END-- [ RunTime:0.000683s ]
INFO: [ app_begin ] --START--
INFO: Run Behavior\ReadHtmlCacheBehavior [ RunTime:0.000884s ]
INFO: [ app_begin ] --END-- [ RunTime:0.001084s ]
SQL: SHOW COLUMNS FROM `device` [ RunTime:0.0572s ]
SQL: SELECT COUNT(*) AS tp_count FROM `device` LIMIT 1   [ RunTime:0.0569s ]
INFO: [ view_parse ] --START--
INFO: [ template_filter ] --START--
INFO: Run Behavior\ContentReplaceBehavior [ RunTime:0.000562s ]
INFO: [ template_filter ] --END-- [ RunTime:0.000899s ]
INFO: Run Behavior\ParseTemplateBehavior [ RunTime:0.025974s ]
INFO: [ view_parse ] --END-- [ RunTime:0.026252s ]
INFO: [ view_filter ] --START--
INFO: Run Behavior\WriteHtmlCacheBehavior [ RunTime:0.001112s ]
INFO: [ view_filter ] --END-- [ RunTime:0.001327s ]
INFO: [ app_end ] --START--
INFO: Run Behavior\ShowPageTraceBehavior [ RunTime:0.001075s ]
INFO: [ app_end ] --END-- [ RunTime:0.001308s ]

[ 2017-10-09T09:42:54+08:00 ] ::1 /ThinkPHP/index.php/IotRouter/Type/query
INFO: [ app_init ] --START--
INFO: Run Behavior\BuildLiteBehavior [ RunTime:0.000056s ]
INFO: [ app_init ] --END-- [ RunTime:0.000910s ]
INFO: [ app_begin ] --START--
INFO: Run Behavior\ReadHtmlCacheBehavior [ RunTime:0.001045s ]
INFO: [ app_begin ] --END-- [ RunTime:0.001312s ]
SQL: SHOW COLUMNS FROM `type_device_runstate` [ RunTime:0.0573s ]
SQL: SELECT * FROM `type_device_runstate` ORDER BY type_word  [ RunTime:0.0566s ]

[ 2017-10-09T09:42:55+08:00 ] ::1 /ThinkPHP/index.php/IotRouter/Type/query
INFO: [ app_init ] --START--
INFO: Run Behavior\BuildLiteBehavior [ RunTime:0.000046s ]
INFO: [ app_init ] --END-- [ RunTime:0.000717s ]
INFO: [ app_begin ] --START--
INFO: Run Behavior\ReadHtmlCacheBehavior [ RunTime:0.000923s ]
INFO: [ app_begin ] --END-- [ RunTime:0.001094s ]
SQL: SHOW COLUMNS FROM `type_device_model` [ RunTime:0.0595s ]
SQL: SELECT * FROM `type_device_model` ORDER BY type_word  [ RunTime:0.0599s ]

[ 2017-10-09T09:42:55+08:00 ] ::1 /ThinkPHP/index.php/IotRouter/Type/query
INFO: [ app_init ] --START--
INFO: Run Behavior\BuildLiteBehavior [ RunTime:0.000041s ]
INFO: [ app_init ] --END-- [ RunTime:0.000592s ]
INFO: [ app_begin ] --START--
INFO: Run Behavior\ReadHtmlCacheBehavior [ RunTime:0.000759s ]
INFO: [ app_begin ] --END-- [ RunTime:0.000993s ]
SQL: SHOW COLUMNS FROM `type_device` [ RunTime:0.0589s ]
SQL: SELECT * FROM `type_device` ORDER BY type_word  [ RunTime:0.0587s ]

[ 2017-10-09T09:42:56+08:00 ] ::1 /ThinkPHP/index.php/IotRouter/Device/query
INFO: [ app_init ] --START--
INFO: Run Behavior\BuildLiteBehavior [ RunTime:0.000050s ]
INFO: [ app_init ] --END-- [ RunTime:0.000778s ]
INFO: [ app_begin ] --START--
INFO: Run Behavior\ReadHtmlCacheBehavior [ RunTime:0.000781s ]
INFO: [ app_begin ] --END-- [ RunTime:0.000986s ]
SQL: SHOW COLUMNS FROM `device` [ RunTime:0.0579s ]
SQL: SELECT * FROM `device` LIMIT 0,10   [ RunTime:0.0576s ]
SQL: SELECT COUNT(*) AS tp_count FROM `device` LIMIT 1   [ RunTime:0.0570s ]
SQL: SELECT COUNT(*) AS tp_count FROM `device` LIMIT 1   [ RunTime:0.0569s ]

[ 2017-10-09T09:43:05+08:00 ] ::1 /ThinkPHP/index.php/IotRouter/Project/home.html
INFO: [ app_init ] --START--
INFO: Run Behavior\BuildLiteBehavior [ RunTime:0.000052s ]
INFO: [ app_init ] --END-- [ RunTime:0.000829s ]
INFO: [ app_begin ] --START--
INFO: Run Behavior\ReadHtmlCacheBehavior [ RunTime:0.001450s ]
INFO: [ app_begin ] --END-- [ RunTime:0.001744s ]
SQL: SHOW COLUMNS FROM `prj_project` [ RunTime:0.0529s ]
SQL: SELECT COUNT(*) AS tp_count FROM `prj_project` LIMIT 1   [ RunTime:0.0513s ]
INFO: [ view_parse ] --START--
INFO: [ template_filter ] --START--
INFO: Run Behavior\ContentReplaceBehavior [ RunTime:0.000268s ]
INFO: [ template_filter ] --END-- [ RunTime:0.000498s ]
INFO: Run Behavior\ParseTemplateBehavior [ RunTime:0.018752s ]
INFO: [ view_parse ] --END-- [ RunTime:0.018991s ]
INFO: [ view_filter ] --START--
INFO: Run Behavior\WriteHtmlCacheBehavior [ RunTime:0.000425s ]
INFO: [ view_filter ] --END-- [ RunTime:0.000589s ]
INFO: [ app_end ] --START--
INFO: Run Behavior\ShowPageTraceBehavior [ RunTime:0.001063s ]
INFO: [ app_end ] --END-- [ RunTime:0.001282s ]

[ 2017-10-09T09:43:05+08:00 ] ::1 /ThinkPHP/index.php/IotRouter/Project/query
INFO: [ app_init ] --START--
INFO: Run Behavior\BuildLiteBehavior [ RunTime:0.000047s ]
INFO: [ app_init ] --END-- [ RunTime:0.000705s ]
INFO: [ app_begin ] --START--
INFO: Run Behavior\ReadHtmlCacheBehavior [ RunTime:0.000918s ]
INFO: [ app_begin ] --END-- [ RunTime:0.001189s ]
SQL: SHOW COLUMNS FROM `prj_project` [ RunTime:0.0550s ]
SQL: SELECT * FROM `prj_project` LIMIT 0,10   [ RunTime:0.0550s ]
SQL: SELECT COUNT(*) AS tp_count FROM `prj_project` LIMIT 1   [ RunTime:0.0549s ]
SQL: SELECT COUNT(*) AS tp_count FROM `prj_project` LIMIT 1   [ RunTime:0.0548s ]

[ 2017-10-09T09:43:09+08:00 ] ::1 /ThinkPHP/index.php/IotRouter/ConditionConfig/index/id/1.html
INFO: [ app_init ] --START--
INFO: Run Behavior\BuildLiteBehavior [ RunTime:0.000039s ]
INFO: [ app_init ] --END-- [ RunTime:0.000584s ]
INFO: [ app_begin ] --START--
INFO: Run Behavior\ReadHtmlCacheBehavior [ RunTime:0.000676s ]
INFO: [ app_begin ] --END-- [ RunTime:0.000890s ]
SQL: SHOW COLUMNS FROM `type_condition_in` [ RunTime:0.0592s ]
SQL: SELECT * FROM `type_condition_in` ORDER BY type_word  [ RunTime:0.0586s ]
SQL: SHOW COLUMNS FROM `type_condition_out` [ RunTime:0.0588s ]
SQL: SELECT * FROM `type_condition_out` ORDER BY type_word  [ RunTime:0.0590s ]
SQL: SHOW COLUMNS FROM `type_cdt_logic` [ RunTime:0.0594s ]
SQL: SELECT * FROM `type_cdt_logic` ORDER BY type_word  [ RunTime:0.0590s ]
SQL: SHOW COLUMNS FROM `prj_unit` [ RunTime:0.0593s ]
SQL: SELECT * FROM `prj_unit` WHERE `prj_project_id` = 1  [ RunTime:0.0589s ]
SQL: SHOW COLUMNS FROM `type_web` [ RunTime:0.0594s ]
SQL: SELECT * FROM `type_web`  [ RunTime:0.0587s ]
SQL: SHOW COLUMNS FROM `timer_in` [ RunTime:0.0589s ]
SQL: SELECT * FROM `timer_in`  [ RunTime:0.0589s ]
INFO: [ view_parse ] --START--
INFO: [ template_filter ] --START--
INFO: Run Behavior\ContentReplaceBehavior [ RunTime:0.000945s ]
INFO: [ template_filter ] --END-- [ RunTime:0.001168s ]
NOTIC: [8] Undefined variable: send_msg C:\wamp64\www\ThinkPHP\Application\Runtime\Cache\IotRouter\aa4dc892ce6c3eff26fe9df78be0f390.php 第 177 行.
NOTIC: [8] Undefined variable: send_email C:\wamp64\www\ThinkPHP\Application\Runtime\Cache\IotRouter\aa4dc892ce6c3eff26fe9df78be0f390.php 第 181 行.
NOTIC: [8] Undefined variable: execution_fun C:\wamp64\www\ThinkPHP\Application\Runtime\Cache\IotRouter\aa4dc892ce6c3eff26fe9df78be0f390.php 第 185 行.
INFO: Run Behavior\ParseTemplateBehavior [ RunTime:0.069764s ]
INFO: [ view_parse ] --END-- [ RunTime:0.069969s ]
INFO: [ view_filter ] --START--
INFO: Run Behavior\WriteHtmlCacheBehavior [ RunTime:0.000485s ]
INFO: [ view_filter ] --END-- [ RunTime:0.000649s ]
INFO: [ app_end ] --START--
INFO: Run Behavior\ShowPageTraceBehavior [ RunTime:0.000968s ]
INFO: [ app_end ] --END-- [ RunTime:0.001178s ]

[ 2017-10-09T09:43:09+08:00 ] ::1 /ThinkPHP/index.php/IotRouter/ConditionConfig/query
INFO: [ app_init ] --START--
INFO: Run Behavior\BuildLiteBehavior [ RunTime:0.000041s ]
INFO: [ app_init ] --END-- [ RunTime:0.000702s ]
INFO: [ app_begin ] --START--
INFO: Run Behavior\ReadHtmlCacheBehavior [ RunTime:0.000648s ]
INFO: [ app_begin ] --END-- [ RunTime:0.000810s ]
SQL: SHOW COLUMNS FROM `condition_trigger` [ RunTime:0.0592s ]
SQL: SELECT * FROM `condition_trigger` WHERE `prj_project_id` = 1  [ RunTime:0.0594s ]

[ 2017-10-09T09:43:10+08:00 ] ::1 /ThinkPHP/index.php/IotRouter/ConditionConfig/queryDetail
INFO: [ app_init ] --START--
INFO: Run Behavior\BuildLiteBehavior [ RunTime:0.000038s ]
INFO: [ app_init ] --END-- [ RunTime:0.000557s ]
INFO: [ app_begin ] --START--
INFO: Run Behavior\ReadHtmlCacheBehavior [ RunTime:0.000595s ]
INFO: [ app_begin ] --END-- [ RunTime:0.000747s ]
SQL: SHOW COLUMNS FROM `condition_trigger` [ RunTime:0.0541s ]
SQL: SELECT `id` FROM `condition_trigger` WHERE `prj_project_id` = 1  [ RunTime:0.0525s ]
SQL: SHOW COLUMNS FROM `full_condition_in` [ RunTime:0.0532s ]
SQL: SELECT `type_in`,`timer_in_id`,`argv_index`,`order`,`id`,`prj_project_id`,`name`,`cdt_logic_type`,`logic_expression`,`prj_driver_id`,`equal_value`,`condition_trigger_id`,`create_time`,`update_time`,`ext1`,`ext2` FROM `full_condition_in` WHERE ( condition_trigger_id=1 )  [ RunTime:0.0541s ]
SQL: SHOW COLUMNS FROM `full_condition_out` [ RunTime:0.0529s ]
SQL: SELECT * FROM `full_condition_out` WHERE ( condition_trigger_id=1 )  [ RunTime:0.0530s ]
SQL: SELECT `type_in`,`timer_in_id`,`argv_index`,`order`,`id`,`prj_project_id`,`name`,`cdt_logic_type`,`logic_expression`,`prj_driver_id`,`equal_value`,`condition_trigger_id`,`create_time`,`update_time`,`ext1`,`ext2` FROM `full_condition_in` WHERE ( condition_trigger_id=2 )  [ RunTime:0.0539s ]
SQL: SELECT * FROM `full_condition_out` WHERE ( condition_trigger_id=2 )  [ RunTime:0.0531s ]

[ 2017-10-09T10:33:59+08:00 ] ::1 /ThinkPHP/index.php/IotRouter/ConditionConfig/index/id/1.html
INFO: [ app_init ] --START--
INFO: Run Behavior\BuildLiteBehavior [ RunTime:0.000046s ]
INFO: [ app_init ] --END-- [ RunTime:0.001024s ]
INFO: [ app_begin ] --START--
INFO: Run Behavior\ReadHtmlCacheBehavior [ RunTime:0.000908s ]
INFO: [ app_begin ] --END-- [ RunTime:0.001112s ]
SQL: SHOW COLUMNS FROM `type_condition_in` [ RunTime:0.0507s ]
SQL: SELECT * FROM `type_condition_in` ORDER BY type_word  [ RunTime:0.0507s ]
SQL: SHOW COLUMNS FROM `type_condition_out` [ RunTime:0.0507s ]
SQL: SELECT * FROM `type_condition_out` ORDER BY type_word  [ RunTime:0.0506s ]
SQL: SHOW COLUMNS FROM `type_cdt_logic` [ RunTime:0.0507s ]
SQL: SELECT * FROM `type_cdt_logic` ORDER BY type_word  [ RunTime:0.0507s ]
SQL: SHOW COLUMNS FROM `prj_unit` [ RunTime:0.0514s ]
SQL: SELECT * FROM `prj_unit` WHERE `prj_project_id` = 1  [ RunTime:0.0513s ]
SQL: SHOW COLUMNS FROM `type_web` [ RunTime:0.0512s ]
SQL: SELECT * FROM `type_web`  [ RunTime:0.0507s ]
SQL: SHOW COLUMNS FROM `timer_in` [ RunTime:0.0508s ]
SQL: SELECT * FROM `timer_in`  [ RunTime:0.0506s ]
INFO: [ view_parse ] --START--
INFO: [ template_filter ] --START--
INFO: Run Behavior\ContentReplaceBehavior [ RunTime:0.000821s ]
INFO: [ template_filter ] --END-- [ RunTime:0.001020s ]
NOTIC: [8] Undefined variable: send_msg C:\wamp64\www\ThinkPHP\Application\Runtime\Cache\IotRouter\aa4dc892ce6c3eff26fe9df78be0f390.php 第 177 行.
NOTIC: [8] Undefined variable: send_email C:\wamp64\www\ThinkPHP\Application\Runtime\Cache\IotRouter\aa4dc892ce6c3eff26fe9df78be0f390.php 第 181 行.
NOTIC: [8] Undefined variable: execution_fun C:\wamp64\www\ThinkPHP\Application\Runtime\Cache\IotRouter\aa4dc892ce6c3eff26fe9df78be0f390.php 第 185 行.
INFO: Run Behavior\ParseTemplateBehavior [ RunTime:0.039875s ]
INFO: [ view_parse ] --END-- [ RunTime:0.040063s ]
INFO: [ view_filter ] --START--
INFO: Run Behavior\WriteHtmlCacheBehavior [ RunTime:0.000614s ]
INFO: [ view_filter ] --END-- [ RunTime:0.000788s ]
INFO: [ app_end ] --START--
INFO: Run Behavior\ShowPageTraceBehavior [ RunTime:0.001545s ]
INFO: [ app_end ] --END-- [ RunTime:0.001792s ]

[ 2017-10-09T10:34:00+08:00 ] ::1 /ThinkPHP/index.php/IotRouter/ConditionConfig/query
INFO: [ app_init ] --START--
INFO: Run Behavior\BuildLiteBehavior [ RunTime:0.000048s ]
INFO: [ app_init ] --END-- [ RunTime:0.000724s ]
INFO: [ app_begin ] --START--
INFO: Run Behavior\ReadHtmlCacheBehavior [ RunTime:0.000716s ]
INFO: [ app_begin ] --END-- [ RunTime:0.000911s ]
SQL: SHOW COLUMNS FROM `condition_trigger` [ RunTime:0.0591s ]
SQL: SELECT * FROM `condition_trigger` WHERE `prj_project_id` = 1  [ RunTime:0.0588s ]

[ 2017-10-09T10:34:00+08:00 ] ::1 /ThinkPHP/index.php/IotRouter/ConditionConfig/queryDetail
INFO: [ app_init ] --START--
INFO: Run Behavior\BuildLiteBehavior [ RunTime:0.000041s ]
INFO: [ app_init ] --END-- [ RunTime:0.000610s ]
INFO: [ app_begin ] --START--
INFO: Run Behavior\ReadHtmlCacheBehavior [ RunTime:0.000657s ]
INFO: [ app_begin ] --END-- [ RunTime:0.000819s ]
SQL: SHOW COLUMNS FROM `condition_trigger` [ RunTime:0.0519s ]
SQL: SELECT `id` FROM `condition_trigger` WHERE `prj_project_id` = 1  [ RunTime:0.0507s ]
SQL: SHOW COLUMNS FROM `full_condition_in` [ RunTime:0.0540s ]
SQL: SELECT `type_in`,`timer_in_id`,`argv_index`,`order`,`id`,`prj_project_id`,`name`,`cdt_logic_type`,`logic_expression`,`prj_driver_id`,`equal_value`,`condition_trigger_id`,`create_time`,`update_time`,`ext1`,`ext2` FROM `full_condition_in` WHERE ( condition_trigger_id=1 )  [ RunTime:0.0529s ]
SQL: SHOW COLUMNS FROM `full_condition_out` [ RunTime:0.0520s ]
SQL: SELECT * FROM `full_condition_out` WHERE ( condition_trigger_id=1 )  [ RunTime:0.0507s ]
SQL: SELECT `type_in`,`timer_in_id`,`argv_index`,`order`,`id`,`prj_project_id`,`name`,`cdt_logic_type`,`logic_expression`,`prj_driver_id`,`equal_value`,`condition_trigger_id`,`create_time`,`update_time`,`ext1`,`ext2` FROM `full_condition_in` WHERE ( condition_trigger_id=2 )  [ RunTime:0.0520s ]
SQL: SELECT * FROM `full_condition_out` WHERE ( condition_trigger_id=2 )  [ RunTime:0.0510s ]

[ 2017-10-09T11:55:44+08:00 ] ::1 /ThinkPHP/index.php/IotRouter/Login/index
INFO: [ app_init ] --START--
INFO: Run Behavior\BuildLiteBehavior [ RunTime:0.000045s ]
INFO: [ app_init ] --END-- [ RunTime:0.005787s ]
INFO: [ app_begin ] --START--
INFO: Run Behavior\ReadHtmlCacheBehavior [ RunTime:0.010089s ]
INFO: [ app_begin ] --END-- [ RunTime:0.010311s ]
INFO: [ view_parse ] --START--
INFO: [ template_filter ] --START--
INFO: Run Behavior\ContentReplaceBehavior [ RunTime:0.000182s ]
INFO: [ template_filter ] --END-- [ RunTime:0.000430s ]
NOTIC: [8] Undefined variable: false_pwd C:\wamp64\www\ThinkPHP\Application\Runtime\Cache\IotRouter\bc6eadddea39228354cfe933e2f681d9.php 第 85 行.
NOTIC: [8] Undefined variable: false_verify C:\wamp64\www\ThinkPHP\Application\Runtime\Cache\IotRouter\bc6eadddea39228354cfe933e2f681d9.php 第 88 行.
INFO: Run Behavior\ParseTemplateBehavior [ RunTime:0.055013s ]
INFO: [ view_parse ] --END-- [ RunTime:0.055420s ]
INFO: [ view_filter ] --START--
INFO: Run Behavior\WriteHtmlCacheBehavior [ RunTime:0.006571s ]
INFO: [ view_filter ] --END-- [ RunTime:0.006955s ]
INFO: [ app_end ] --START--
INFO: Run Behavior\ShowPageTraceBehavior [ RunTime:0.009968s ]
INFO: [ app_end ] --END-- [ RunTime:0.010191s ]

[ 2017-10-09T11:55:45+08:00 ] ::1 /ThinkPHP/index.php/IotRouter/Login/verify.html
INFO: [ app_init ] --START--
INFO: Run Behavior\BuildLiteBehavior [ RunTime:0.000063s ]
INFO: [ app_init ] --END-- [ RunTime:0.001071s ]
INFO: [ app_begin ] --START--
INFO: Run Behavior\ReadHtmlCacheBehavior [ RunTime:0.001137s ]
INFO: [ app_begin ] --END-- [ RunTime:0.001417s ]
INFO: [ app_end ] --START--
INFO: Run Behavior\ShowPageTraceBehavior [ RunTime:0.001798s ]
INFO: [ app_end ] --END-- [ RunTime:0.002185s ]

[ 2017-10-09T11:55:49+08:00 ] ::1 /ThinkPHP/index.php/IotRouter/Login/login.html
INFO: [ app_init ] --START--
INFO: Run Behavior\BuildLiteBehavior [ RunTime:0.000058s ]
INFO: [ app_init ] --END-- [ RunTime:0.000834s ]
INFO: [ app_begin ] --START--
INFO: Run Behavior\ReadHtmlCacheBehavior [ RunTime:0.000664s ]
INFO: [ app_begin ] --END-- [ RunTime:0.000864s ]
SQL: SHOW COLUMNS FROM `user` [ RunTime:0.0514s ]
SQL: SELECT * FROM `user` WHERE `username` = 'admin' AND `password` = 'c56d0e9a7ccec67b4ea131655038d604'  [ RunTime:0.0515s ]

[ 2017-10-09T11:55:49+08:00 ] ::1 /ThinkPHP/index.php/IotRouter/Home/home.html
INFO: [ app_init ] --START--
INFO: Run Behavior\BuildLiteBehavior [ RunTime:0.000048s ]
INFO: [ app_init ] --END-- [ RunTime:0.000749s ]
INFO: [ app_begin ] --START--
INFO: Run Behavior\ReadHtmlCacheBehavior [ RunTime:0.000852s ]
INFO: [ app_begin ] --END-- [ RunTime:0.001083s ]
INFO: [ view_parse ] --START--
INFO: [ template_filter ] --START--
INFO: Run Behavior\ContentReplaceBehavior [ RunTime:0.000267s ]
INFO: [ template_filter ] --END-- [ RunTime:0.000485s ]
INFO: Run Behavior\ParseTemplateBehavior [ RunTime:0.022773s ]
INFO: [ view_parse ] --END-- [ RunTime:0.022990s ]
INFO: [ view_filter ] --START--
INFO: Run Behavior\WriteHtmlCacheBehavior [ RunTime:0.000412s ]
INFO: [ view_filter ] --END-- [ RunTime:0.000580s ]
INFO: [ app_end ] --START--
INFO: Run Behavior\ShowPageTraceBehavior [ RunTime:0.000770s ]
INFO: [ app_end ] --END-- [ RunTime:0.000976s ]

[ 2017-10-09T11:55:50+08:00 ] ::1 /ThinkPHP/index.php/IotRouter/Device/home.html
INFO: [ app_init ] --START--
INFO: Run Behavior\BuildLiteBehavior [ RunTime:0.000045s ]
INFO: [ app_init ] --END-- [ RunTime:0.000696s ]
INFO: [ app_begin ] --START--
INFO: Run Behavior\ReadHtmlCacheBehavior [ RunTime:0.000803s ]
INFO: [ app_begin ] --END-- [ RunTime:0.001046s ]
SQL: SHOW COLUMNS FROM `device` [ RunTime:0.0610s ]
SQL: SELECT COUNT(*) AS tp_count FROM `device` LIMIT 1   [ RunTime:0.0599s ]
INFO: [ view_parse ] --START--
INFO: [ template_filter ] --START--
INFO: Run Behavior\ContentReplaceBehavior [ RunTime:0.000394s ]
INFO: [ template_filter ] --END-- [ RunTime:0.000583s ]
INFO: Run Behavior\ParseTemplateBehavior [ RunTime:0.024972s ]
INFO: [ view_parse ] --END-- [ RunTime:0.025225s ]
INFO: [ view_filter ] --START--
INFO: Run Behavior\WriteHtmlCacheBehavior [ RunTime:0.000433s ]
INFO: [ view_filter ] --END-- [ RunTime:0.000606s ]
INFO: [ app_end ] --START--
INFO: Run Behavior\ShowPageTraceBehavior [ RunTime:0.000856s ]
INFO: [ app_end ] --END-- [ RunTime:0.001059s ]

[ 2017-10-09T11:55:50+08:00 ] ::1 /ThinkPHP/index.php/IotRouter/Type/query
INFO: [ app_init ] --START--
INFO: Run Behavior\BuildLiteBehavior [ RunTime:0.000043s ]
INFO: [ app_init ] --END-- [ RunTime:0.000642s ]
INFO: [ app_begin ] --START--
INFO: Run Behavior\ReadHtmlCacheBehavior [ RunTime:0.000924s ]
INFO: [ app_begin ] --END-- [ RunTime:0.001133s ]
SQL: SHOW COLUMNS FROM `type_device_model` [ RunTime:0.0589s ]
SQL: SELECT * FROM `type_device_model` ORDER BY type_word  [ RunTime:0.0591s ]

[ 2017-10-09T11:55:51+08:00 ] ::1 /ThinkPHP/index.php/IotRouter/Type/query
INFO: [ app_init ] --START--
INFO: Run Behavior\BuildLiteBehavior [ RunTime:0.000046s ]
INFO: [ app_init ] --END-- [ RunTime:0.000805s ]
INFO: [ app_begin ] --START--
INFO: Run Behavior\ReadHtmlCacheBehavior [ RunTime:0.001306s ]
INFO: [ app_begin ] --END-- [ RunTime:0.001785s ]
SQL: SHOW COLUMNS FROM `type_device` [ RunTime:0.0571s ]
SQL: SELECT * FROM `type_device` ORDER BY type_word  [ RunTime:0.0574s ]

[ 2017-10-09T11:55:51+08:00 ] ::1 /ThinkPHP/index.php/IotRouter/Type/query
INFO: [ app_init ] --START--
INFO: Run Behavior\BuildLiteBehavior [ RunTime:0.000043s ]
INFO: [ app_init ] --END-- [ RunTime:0.000785s ]
INFO: [ app_begin ] --START--
INFO: Run Behavior\ReadHtmlCacheBehavior [ RunTime:0.001298s ]
INFO: [ app_begin ] --END-- [ RunTime:0.001824s ]
SQL: SHOW COLUMNS FROM `type_device_runstate` [ RunTime:0.0574s ]
SQL: SELECT * FROM `type_device_runstate` ORDER BY type_word  [ RunTime:0.0565s ]

[ 2017-10-09T11:55:52+08:00 ] ::1 /ThinkPHP/index.php/IotRouter/Device/query
INFO: [ app_init ] --START--
INFO: Run Behavior\BuildLiteBehavior [ RunTime:0.000049s ]
INFO: [ app_init ] --END-- [ RunTime:0.001462s ]
INFO: [ app_begin ] --START--
INFO: Run Behavior\ReadHtmlCacheBehavior [ RunTime:0.000990s ]
INFO: [ app_begin ] --END-- [ RunTime:0.001287s ]
SQL: SHOW COLUMNS FROM `device` [ RunTime:0.0522s ]
SQL: SELECT * FROM `device` LIMIT 0,10   [ RunTime:0.0517s ]
SQL: SELECT COUNT(*) AS tp_count FROM `device` LIMIT 1   [ RunTime:0.0504s ]
SQL: SELECT COUNT(*) AS tp_count FROM `device` LIMIT 1   [ RunTime:0.0508s ]

[ 2017-10-09T11:56:03+08:00 ] ::1 /ThinkPHP/index.php/IotRouter/
INFO: [ app_init ] --START--
INFO: Run Behavior\BuildLiteBehavior [ RunTime:0.000055s ]
INFO: [ app_init ] --END-- [ RunTime:0.000869s ]
INFO: [ app_begin ] --START--
INFO: Run Behavior\ReadHtmlCacheBehavior [ RunTime:0.000742s ]
INFO: [ app_begin ] --END-- [ RunTime:0.000962s ]

[ 2017-10-09T11:56:03+08:00 ] ::1 /ThinkPHP/index.php/IotRouter/Login/index.html
INFO: [ app_init ] --START--
INFO: Run Behavior\BuildLiteBehavior [ RunTime:0.000045s ]
INFO: [ app_init ] --END-- [ RunTime:0.000669s ]
INFO: [ app_begin ] --START--
INFO: Run Behavior\ReadHtmlCacheBehavior [ RunTime:0.000902s ]
INFO: [ app_begin ] --END-- [ RunTime:0.001130s ]

[ 2017-10-09T11:56:03+08:00 ] ::1 /ThinkPHP/index.php/IotRouter/Home/home.html
INFO: [ app_init ] --START--
INFO: Run Behavior\BuildLiteBehavior [ RunTime:0.000040s ]
INFO: [ app_init ] --END-- [ RunTime:0.000580s ]
INFO: [ app_begin ] --START--
INFO: Run Behavior\ReadHtmlCacheBehavior [ RunTime:0.000742s ]
INFO: [ app_begin ] --END-- [ RunTime:0.000962s ]
INFO: [ view_parse ] --START--
INFO: [ template_filter ] --START--
INFO: Run Behavior\ContentReplaceBehavior [ RunTime:0.000259s ]
INFO: [ template_filter ] --END-- [ RunTime:0.000457s ]
INFO: Run Behavior\ParseTemplateBehavior [ RunTime:0.014252s ]
INFO: [ view_parse ] --END-- [ RunTime:0.014473s ]
INFO: [ view_filter ] --START--
INFO: Run Behavior\WriteHtmlCacheBehavior [ RunTime:0.000681s ]
INFO: [ view_filter ] --END-- [ RunTime:0.000847s ]
INFO: [ app_end ] --START--
INFO: Run Behavior\ShowPageTraceBehavior [ RunTime:0.001488s ]
INFO: [ app_end ] --END-- [ RunTime:0.001717s ]

[ 2017-10-09T11:56:04+08:00 ] ::1 /ThinkPHP/index.php/IotRouter/Device/home.html
INFO: [ app_init ] --START--
INFO: Run Behavior\BuildLiteBehavior [ RunTime:0.000050s ]
INFO: [ app_init ] --END-- [ RunTime:0.000742s ]
INFO: [ app_begin ] --START--
INFO: Run Behavior\ReadHtmlCacheBehavior [ RunTime:0.000958s ]
INFO: [ app_begin ] --END-- [ RunTime:0.001222s ]
SQL: SHOW COLUMNS FROM `device` [ RunTime:0.0580s ]
SQL: SELECT COUNT(*) AS tp_count FROM `device` LIMIT 1   [ RunTime:0.0567s ]
INFO: [ view_parse ] --START--
INFO: [ template_filter ] --START--
INFO: Run Behavior\ContentReplaceBehavior [ RunTime:0.000451s ]
INFO: [ template_filter ] --END-- [ RunTime:0.000693s ]
INFO: Run Behavior\ParseTemplateBehavior [ RunTime:0.015745s ]
INFO: [ view_parse ] --END-- [ RunTime:0.015999s ]
INFO: [ view_filter ] --START--
INFO: Run Behavior\WriteHtmlCacheBehavior [ RunTime:0.000894s ]
INFO: [ view_filter ] --END-- [ RunTime:0.001104s ]
INFO: [ app_end ] --START--
INFO: Run Behavior\ShowPageTraceBehavior [ RunTime:0.001201s ]
INFO: [ app_end ] --END-- [ RunTime:0.001418s ]

[ 2017-10-09T11:56:05+08:00 ] ::1 /ThinkPHP/index.php/IotRouter/Type/query
INFO: [ app_init ] --START--
INFO: Run Behavior\BuildLiteBehavior [ RunTime:0.000050s ]
INFO: [ app_init ] --END-- [ RunTime:0.000739s ]
INFO: [ app_begin ] --START--
INFO: Run Behavior\ReadHtmlCacheBehavior [ RunTime:0.000900s ]
INFO: [ app_begin ] --END-- [ RunTime:0.001147s ]
SQL: SHOW COLUMNS FROM `type_device_model` [ RunTime:0.0565s ]
SQL: SELECT * FROM `type_device_model` ORDER BY type_word  [ RunTime:0.0571s ]

[ 2017-10-09T11:56:06+08:00 ] ::1 /ThinkPHP/index.php/IotRouter/Type/query
INFO: [ app_init ] --START--
INFO: Run Behavior\BuildLiteBehavior [ RunTime:0.000052s ]
INFO: [ app_init ] --END-- [ RunTime:0.000966s ]
INFO: [ app_begin ] --START--
INFO: Run Behavior\ReadHtmlCacheBehavior [ RunTime:0.000986s ]
INFO: [ app_begin ] --END-- [ RunTime:0.001170s ]
SQL: SHOW COLUMNS FROM `type_device` [ RunTime:0.0611s ]
SQL: SELECT * FROM `type_device` ORDER BY type_word  [ RunTime:0.0606s ]

[ 2017-10-09T11:56:06+08:00 ] ::1 /ThinkPHP/index.php/IotRouter/Type/query
INFO: [ app_init ] --START--
INFO: Run Behavior\BuildLiteBehavior [ RunTime:0.000049s ]
INFO: [ app_init ] --END-- [ RunTime:0.000800s ]
INFO: [ app_begin ] --START--
INFO: Run Behavior\ReadHtmlCacheBehavior [ RunTime:0.001177s ]
INFO: [ app_begin ] --END-- [ RunTime:0.001411s ]
SQL: SHOW COLUMNS FROM `type_device_runstate` [ RunTime:0.0566s ]
SQL: SELECT * FROM `type_device_runstate` ORDER BY type_word  [ RunTime:0.0563s ]

[ 2017-10-09T11:56:06+08:00 ] ::1 /ThinkPHP/index.php/IotRouter/Device/query
INFO: [ app_init ] --START--
INFO: Run Behavior\BuildLiteBehavior [ RunTime:0.000046s ]
INFO: [ app_init ] --END-- [ RunTime:0.000697s ]
INFO: [ app_begin ] --START--
INFO: Run Behavior\ReadHtmlCacheBehavior [ RunTime:0.000947s ]
INFO: [ app_begin ] --END-- [ RunTime:0.001167s ]
SQL: SHOW COLUMNS FROM `device` [ RunTime:0.0581s ]
SQL: SELECT * FROM `device` LIMIT 0,10   [ RunTime:0.0579s ]
SQL: SELECT COUNT(*) AS tp_count FROM `device` LIMIT 1   [ RunTime:0.0572s ]
SQL: SELECT COUNT(*) AS tp_count FROM `device` LIMIT 1   [ RunTime:0.0567s ]

[ 2017-10-09T11:56:39+08:00 ] ::1 /ThinkPHP/index.php/IotRouter/ConditionConfig/deviceCmdListQuery
INFO: [ app_init ] --START--
INFO: Run Behavior\BuildLiteBehavior [ RunTime:0.000039s ]
INFO: [ app_init ] --END-- [ RunTime:0.000633s ]
INFO: [ app_begin ] --START--
INFO: Run Behavior\ReadHtmlCacheBehavior [ RunTime:0.000965s ]
INFO: [ app_begin ] --END-- [ RunTime:0.001189s ]
SQL: SHOW COLUMNS FROM `device_out` [ RunTime:0.0619s ]
SQL: SELECT * FROM `device_out` WHERE `prj_project_id` = 0  [ RunTime:0.0615s ]

[ 2017-10-09T11:57:12+08:00 ] ::1 /ThinkPHP/index.php/IotRouter/ConditionConfig/deviceCmdListQuery
INFO: [ app_init ] --START--
INFO: Run Behavior\BuildLiteBehavior [ RunTime:0.000045s ]
INFO: [ app_init ] --END-- [ RunTime:0.000713s ]
INFO: [ app_begin ] --START--
INFO: Run Behavior\ReadHtmlCacheBehavior [ RunTime:0.000733s ]
INFO: [ app_begin ] --END-- [ RunTime:0.000950s ]
SQL: SHOW COLUMNS FROM `device_out` [ RunTime:0.0582s ]
SQL: SELECT * FROM `device_out`  [ RunTime:0.0579s ]

[ 2017-10-09T11:57:36+08:00 ] ::1 /ThinkPHP/index.php/IotRouter/ConditionConfig/deviceCmdListQuery
INFO: [ app_init ] --START--
INFO: Run Behavior\BuildLiteBehavior [ RunTime:0.000039s ]
INFO: [ app_init ] --END-- [ RunTime:0.000548s ]
INFO: [ app_begin ] --START--
INFO: Run Behavior\ReadHtmlCacheBehavior [ RunTime:0.000819s ]
INFO: [ app_begin ] --END-- [ RunTime:0.001059s ]
SQL: SHOW COLUMNS FROM `device_out` [ RunTime:0.0613s ]
SQL: SELECT * FROM `device_out`  [ RunTime:0.0608s ]

[ 2017-10-09T11:57:45+08:00 ] ::1 /ThinkPHP/index.php/IotRouter/ConditionConfig/deviceCmdListQuery
INFO: [ app_init ] --START--
INFO: Run Behavior\BuildLiteBehavior [ RunTime:0.000044s ]
INFO: [ app_init ] --END-- [ RunTime:0.000591s ]
INFO: [ app_begin ] --START--
INFO: Run Behavior\ReadHtmlCacheBehavior [ RunTime:0.000751s ]
INFO: [ app_begin ] --END-- [ RunTime:0.000982s ]

[ 2017-10-09T11:58:00+08:00 ] ::1 /ThinkPHP/index.php/IotRouter/ConditionConfig/deviceCmdListQuery
INFO: [ app_init ] --START--
INFO: Run Behavior\BuildLiteBehavior [ RunTime:0.000047s ]
INFO: [ app_init ] --END-- [ RunTime:0.000771s ]
INFO: [ app_begin ] --START--
INFO: Run Behavior\ReadHtmlCacheBehavior [ RunTime:0.000876s ]
INFO: [ app_begin ] --END-- [ RunTime:0.001114s ]
SQL: SHOW COLUMNS FROM `device_out` [ RunTime:0.0575s ]
SQL: SELECT * FROM `device_out`  [ RunTime:0.0572s ]

[ 2017-10-09T11:59:03+08:00 ] ::1 /ThinkPHP/index.php/IotRouter/ConditionConfig/deviceCmdListQuery
INFO: [ app_init ] --START--
INFO: Run Behavior\BuildLiteBehavior [ RunTime:0.000046s ]
INFO: [ app_init ] --END-- [ RunTime:0.000650s ]
INFO: [ app_begin ] --START--
INFO: Run Behavior\ReadHtmlCacheBehavior [ RunTime:0.000853s ]
INFO: [ app_begin ] --END-- [ RunTime:0.001061s ]
SQL: SHOW COLUMNS FROM `device` [ RunTime:0.0571s ]
SQL: SELECT * FROM `device`  [ RunTime:0.0586s ]

[ 2017-10-09T11:59:35+08:00 ] ::1 /ThinkPHP/index.php/IotRouter/ConditionConfig/deviceCmdListQuery
INFO: [ app_init ] --START--
INFO: Run Behavior\BuildLiteBehavior [ RunTime:0.000040s ]
INFO: [ app_init ] --END-- [ RunTime:0.000650s ]
INFO: [ app_begin ] --START--
INFO: Run Behavior\ReadHtmlCacheBehavior [ RunTime:0.000978s ]
INFO: [ app_begin ] --END-- [ RunTime:0.001223s ]
SQL: SHOW COLUMNS FROM `device` [ RunTime:0.0618s ]
SQL: SELECT * FROM `device`  [ RunTime:0.0616s ]

[ 2017-10-09T12:00:10+08:00 ] ::1 /ThinkPHP/index.php/IotRouter/ConditionConfig/deviceCmdListQuery
INFO: [ app_init ] --START--
INFO: Run Behavior\BuildLiteBehavior [ RunTime:0.000051s ]
INFO: [ app_init ] --END-- [ RunTime:0.000760s ]
INFO: [ app_begin ] --START--
INFO: Run Behavior\ReadHtmlCacheBehavior [ RunTime:0.000850s ]
INFO: [ app_begin ] --END-- [ RunTime:0.001048s ]
SQL: SHOW COLUMNS FROM `device_out` [ RunTime:0.0559s ]

[ 2017-10-09T12:00:33+08:00 ] ::1 /ThinkPHP/index.php/IotRouter/ConditionConfig/deviceCmdListQuery
INFO: [ app_init ] --START--
INFO: Run Behavior\BuildLiteBehavior [ RunTime:0.000040s ]
INFO: [ app_init ] --END-- [ RunTime:0.000629s ]
INFO: [ app_begin ] --START--
INFO: Run Behavior\ReadHtmlCacheBehavior [ RunTime:0.000915s ]
INFO: [ app_begin ] --END-- [ RunTime:0.001129s ]
SQL: SHOW COLUMNS FROM `device_out` [ RunTime:0.0593s ]

[ 2017-10-09T12:01:03+08:00 ] ::1 /ThinkPHP/index.php/IotRouter/ConditionConfig/deviceCmdListQuery
INFO: [ app_init ] --START--
INFO: Run Behavior\BuildLiteBehavior [ RunTime:0.000041s ]
INFO: [ app_init ] --END-- [ RunTime:0.000556s ]
INFO: [ app_begin ] --START--
INFO: Run Behavior\ReadHtmlCacheBehavior [ RunTime:0.000669s ]
INFO: [ app_begin ] --END-- [ RunTime:0.000854s ]
SQL: SHOW COLUMNS FROM `device_out` [ RunTime:0.0582s ]

[ 2017-10-09T12:01:13+08:00 ] ::1 /ThinkPHP/index.php/IotRouter/ConditionConfig/deviceCmdListQuery
INFO: [ app_init ] --START--
INFO: Run Behavior\BuildLiteBehavior [ RunTime:0.000042s ]
INFO: [ app_init ] --END-- [ RunTime:0.000539s ]
INFO: [ app_begin ] --START--
INFO: Run Behavior\ReadHtmlCacheBehavior [ RunTime:0.000603s ]
INFO: [ app_begin ] --END-- [ RunTime:0.000786s ]
SQL: SHOW COLUMNS FROM `device_out` [ RunTime:0.0574s ]
NOTIC: [8] Undefined variable: condition C:\wamp64\www\ThinkPHP\Application\IotRouter\Controller\ConditionConfigController.class.php 第 690 行.

[ 2017-10-09T12:01:21+08:00 ] ::1 /ThinkPHP/index.php/IotRouter/ConditionConfig/deviceCmdListQuery
INFO: [ app_init ] --START--
INFO: Run Behavior\BuildLiteBehavior [ RunTime:0.000045s ]
INFO: [ app_init ] --END-- [ RunTime:0.000740s ]
INFO: [ app_begin ] --START--
INFO: Run Behavior\ReadHtmlCacheBehavior [ RunTime:0.001043s ]
INFO: [ app_begin ] --END-- [ RunTime:0.001274s ]
SQL: SHOW COLUMNS FROM `device_out` [ RunTime:0.0596s ]

[ 2017-10-09T12:01:41+08:00 ] ::1 /ThinkPHP/index.php/IotRouter/ConditionConfig/deviceCmdListQuery
INFO: [ app_init ] --START--
INFO: Run Behavior\BuildLiteBehavior [ RunTime:0.000049s ]
INFO: [ app_init ] --END-- [ RunTime:0.000796s ]
INFO: [ app_begin ] --START--
INFO: Run Behavior\ReadHtmlCacheBehavior [ RunTime:0.001008s ]
INFO: [ app_begin ] --END-- [ RunTime:0.001361s ]
SQL: SHOW COLUMNS FROM `device_out` [ RunTime:0.0603s ]
SQL: SELECT * FROM `device_out`  [ RunTime:0.0598s ]

[ 2017-10-09T12:02:49+08:00 ] ::1 /ThinkPHP/index.php/IotRouter/ConditionConfig/deviceCmdListCreate?prj_project_id=1&name321
INFO: [ app_init ] --START--
INFO: Run Behavior\BuildLiteBehavior [ RunTime:0.000039s ]
INFO: [ app_init ] --END-- [ RunTime:0.000542s ]
INFO: [ app_begin ] --START--
INFO: Run Behavior\ReadHtmlCacheBehavior [ RunTime:0.000646s ]
INFO: [ app_begin ] --END-- [ RunTime:0.000837s ]

[ 2017-10-09T12:03:36+08:00 ] ::1 /ThinkPHP/index.php/IotRouter/ConditionConfig/deviceCmdListCreate?prj_project_id=1&name321
INFO: [ app_init ] --START--
INFO: Run Behavior\BuildLiteBehavior [ RunTime:0.000043s ]
INFO: [ app_init ] --END-- [ RunTime:0.000756s ]
INFO: [ app_begin ] --START--
INFO: Run Behavior\ReadHtmlCacheBehavior [ RunTime:0.000855s ]
INFO: [ app_begin ] --END-- [ RunTime:0.001043s ]

[ 2017-10-09T12:03:38+08:00 ] ::1 /ThinkPHP/index.php/IotRouter/ConditionConfig/deviceCmdListCreate?prj_project_id=1&name321
INFO: [ app_init ] --START--
INFO: Run Behavior\BuildLiteBehavior [ RunTime:0.000054s ]
INFO: [ app_init ] --END-- [ RunTime:0.001080s ]
INFO: [ app_begin ] --START--
INFO: Run Behavior\ReadHtmlCacheBehavior [ RunTime:0.000842s ]
INFO: [ app_begin ] --END-- [ RunTime:0.001065s ]

[ 2017-10-09T12:03:53+08:00 ] ::1 /ThinkPHP/index.php/IotRouter/ConditionConfig/deviceCmdListCreate?prj_project_id=1&name321
INFO: [ app_init ] --START--
INFO: Run Behavior\BuildLiteBehavior [ RunTime:0.000045s ]
INFO: [ app_init ] --END-- [ RunTime:0.000791s ]
INFO: [ app_begin ] --START--
INFO: Run Behavior\ReadHtmlCacheBehavior [ RunTime:0.001182s ]
INFO: [ app_begin ] --END-- [ RunTime:0.001569s ]

[ 2017-10-09T12:03:55+08:00 ] ::1 /ThinkPHP/index.php/IotRouter/ConditionConfig/deviceCmdListCreate?prj_project_id=1&name321
INFO: [ app_init ] --START--
INFO: Run Behavior\BuildLiteBehavior [ RunTime:0.000038s ]
INFO: [ app_init ] --END-- [ RunTime:0.000541s ]
INFO: [ app_begin ] --START--
INFO: Run Behavior\ReadHtmlCacheBehavior [ RunTime:0.000728s ]
INFO: [ app_begin ] --END-- [ RunTime:0.000934s ]

[ 2017-10-09T12:05:17+08:00 ] ::1 /ThinkPHP/index.php/IotRouter/ConditionConfig/deviceCmdListCreate?prj_project_id=1&name=321
INFO: [ app_init ] --START--
INFO: Run Behavior\BuildLiteBehavior [ RunTime:0.000039s ]
INFO: [ app_init ] --END-- [ RunTime:0.000600s ]
INFO: [ app_begin ] --START--
INFO: Run Behavior\ReadHtmlCacheBehavior [ RunTime:0.000952s ]
INFO: [ app_begin ] --END-- [ RunTime:0.001210s ]
SQL: SHOW COLUMNS FROM `device_out` [ RunTime:0.0569s ]
SQL: INSERT INTO `device_out` (`prj_project_id`,`name`) VALUES ('1','321') [ RunTime:0.0664s ]

[ 2017-10-09T12:05:31+08:00 ] ::1 /ThinkPHP/index.php/IotRouter/ConditionConfig/deviceCmdListCreate?prj_project_id=1&name=321
INFO: [ app_init ] --START--
INFO: Run Behavior\BuildLiteBehavior [ RunTime:0.000045s ]
INFO: [ app_init ] --END-- [ RunTime:0.000735s ]
INFO: [ app_begin ] --START--
INFO: Run Behavior\ReadHtmlCacheBehavior [ RunTime:0.000647s ]
INFO: [ app_begin ] --END-- [ RunTime:0.000827s ]
SQL: SHOW COLUMNS FROM `device_out` [ RunTime:0.0597s ]
SQL: INSERT INTO `device_out` (`prj_project_id`,`name`) VALUES ('1','321') [ RunTime:0.0691s ]

[ 2017-10-09T12:05:57+08:00 ] ::1 /ThinkPHP/index.php/IotRouter/ConditionConfig/deviceCmdListQuery
INFO: [ app_init ] --START--
INFO: Run Behavior\BuildLiteBehavior [ RunTime:0.000045s ]
INFO: [ app_init ] --END-- [ RunTime:0.000736s ]
INFO: [ app_begin ] --START--
INFO: Run Behavior\ReadHtmlCacheBehavior [ RunTime:0.001038s ]
INFO: [ app_begin ] --END-- [ RunTime:0.001275s ]
SQL: SHOW COLUMNS FROM `device_out` [ RunTime:0.0577s ]
SQL: SELECT * FROM `device_out`  [ RunTime:0.0568s ]

[ 2017-10-09T14:22:32+08:00 ] ::1 /ThinkPHP/index.php/IotRouter/ConditionConfig/deviceCmdListQuery
INFO: [ app_init ] --START--
INFO: Run Behavior\BuildLiteBehavior [ RunTime:0.000053s ]
INFO: [ app_init ] --END-- [ RunTime:0.006001s ]
INFO: [ app_begin ] --START--
INFO: Run Behavior\ReadHtmlCacheBehavior [ RunTime:0.013835s ]
INFO: [ app_begin ] --END-- [ RunTime:0.014737s ]

[ 2017-10-09T14:22:32+08:00 ] ::1 /ThinkPHP/index.php/IotRouter/Login/index.html
INFO: [ app_init ] --START--
INFO: Run Behavior\BuildLiteBehavior [ RunTime:0.000043s ]
INFO: [ app_init ] --END-- [ RunTime:0.000690s ]
INFO: [ app_begin ] --START--
INFO: Run Behavior\ReadHtmlCacheBehavior [ RunTime:0.000720s ]
INFO: [ app_begin ] --END-- [ RunTime:0.000939s ]
INFO: [ view_parse ] --START--
INFO: [ template_filter ] --START--
INFO: Run Behavior\ContentReplaceBehavior [ RunTime:0.000161s ]
INFO: [ template_filter ] --END-- [ RunTime:0.000366s ]
NOTIC: [8] Undefined variable: false_pwd C:\wamp64\www\ThinkPHP\Application\Runtime\Cache\IotRouter\bc6eadddea39228354cfe933e2f681d9.php 第 85 行.
NOTIC: [8] Undefined variable: false_verify C:\wamp64\www\ThinkPHP\Application\Runtime\Cache\IotRouter\bc6eadddea39228354cfe933e2f681d9.php 第 88 行.
INFO: Run Behavior\ParseTemplateBehavior [ RunTime:0.053860s ]
INFO: [ view_parse ] --END-- [ RunTime:0.054079s ]
INFO: [ view_filter ] --START--
INFO: Run Behavior\WriteHtmlCacheBehavior [ RunTime:0.007929s ]
INFO: [ view_filter ] --END-- [ RunTime:0.008133s ]
INFO: [ app_end ] --START--
INFO: Run Behavior\ShowPageTraceBehavior [ RunTime:0.010329s ]
INFO: [ app_end ] --END-- [ RunTime:0.010528s ]

[ 2017-10-09T14:22:32+08:00 ] ::1 /ThinkPHP/index.php/IotRouter/Login/verify.html
INFO: [ app_init ] --START--
INFO: Run Behavior\BuildLiteBehavior [ RunTime:0.000037s ]
INFO: [ app_init ] --END-- [ RunTime:0.000541s ]
INFO: [ app_begin ] --START--
INFO: Run Behavior\ReadHtmlCacheBehavior [ RunTime:0.000957s ]
INFO: [ app_begin ] --END-- [ RunTime:0.001158s ]
INFO: [ app_end ] --START--
INFO: Run Behavior\ShowPageTraceBehavior [ RunTime:0.000990s ]
INFO: [ app_end ] --END-- [ RunTime:0.001191s ]

[ 2017-10-09T14:22:37+08:00 ] ::1 /ThinkPHP/index.php/IotRouter/ConditionConfig/deviceCmdListCreate?prj_project_id=1&name=321
INFO: [ app_init ] --START--
INFO: Run Behavior\BuildLiteBehavior [ RunTime:0.000048s ]
INFO: [ app_init ] --END-- [ RunTime:0.000803s ]
INFO: [ app_begin ] --START--
INFO: Run Behavior\ReadHtmlCacheBehavior [ RunTime:0.001151s ]
INFO: [ app_begin ] --END-- [ RunTime:0.001419s ]

[ 2017-10-09T14:22:38+08:00 ] ::1 /ThinkPHP/index.php/IotRouter/ConditionConfig/deviceCmdListCreate?prj_project_id=1&name321
INFO: [ app_init ] --START--
INFO: Run Behavior\BuildLiteBehavior [ RunTime:0.000047s ]
INFO: [ app_init ] --END-- [ RunTime:0.000781s ]
INFO: [ app_begin ] --START--
INFO: Run Behavior\ReadHtmlCacheBehavior [ RunTime:0.000992s ]
INFO: [ app_begin ] --END-- [ RunTime:0.001255s ]

[ 2017-10-09T14:22:42+08:00 ] ::1 /ThinkPHP/index.php/IotRouter/Login/index
INFO: [ app_init ] --START--
INFO: Run Behavior\BuildLiteBehavior [ RunTime:0.000039s ]
INFO: [ app_init ] --END-- [ RunTime:0.000573s ]
INFO: [ app_begin ] --START--
INFO: Run Behavior\ReadHtmlCacheBehavior [ RunTime:0.000655s ]
INFO: [ app_begin ] --END-- [ RunTime:0.000837s ]
INFO: [ view_parse ] --START--
INFO: [ template_filter ] --START--
INFO: Run Behavior\ContentReplaceBehavior [ RunTime:0.000156s ]
INFO: [ template_filter ] --END-- [ RunTime:0.000355s ]
NOTIC: [8] Undefined variable: false_pwd C:\wamp64\www\ThinkPHP\Application\Runtime\Cache\IotRouter\bc6eadddea39228354cfe933e2f681d9.php 第 85 行.
NOTIC: [8] Undefined variable: false_verify C:\wamp64\www\ThinkPHP\Application\Runtime\Cache\IotRouter\bc6eadddea39228354cfe933e2f681d9.php 第 88 行.
INFO: Run Behavior\ParseTemplateBehavior [ RunTime:0.010579s ]
INFO: [ view_parse ] --END-- [ RunTime:0.010816s ]
INFO: [ view_filter ] --START--
INFO: Run Behavior\WriteHtmlCacheBehavior [ RunTime:0.000899s ]
INFO: [ view_filter ] --END-- [ RunTime:0.001108s ]
INFO: [ app_end ] --START--
INFO: Run Behavior\ShowPageTraceBehavior [ RunTime:0.000903s ]
INFO: [ app_end ] --END-- [ RunTime:0.001084s ]

[ 2017-10-09T14:22:42+08:00 ] ::1 /ThinkPHP/index.php/IotRouter/Login/verify.html
INFO: [ app_init ] --START--
INFO: Run Behavior\BuildLiteBehavior [ RunTime:0.000054s ]
INFO: [ app_init ] --END-- [ RunTime:0.000679s ]
INFO: [ app_begin ] --START--
INFO: Run Behavior\ReadHtmlCacheBehavior [ RunTime:0.000854s ]
INFO: [ app_begin ] --END-- [ RunTime:0.001084s ]
INFO: [ app_end ] --START--
INFO: Run Behavior\ShowPageTraceBehavior [ RunTime:0.002132s ]
INFO: [ app_end ] --END-- [ RunTime:0.002457s ]

[ 2017-10-09T14:22:46+08:00 ] ::1 /ThinkPHP/index.php/IotRouter/Login/login.html
INFO: [ app_init ] --START--
INFO: Run Behavior\BuildLiteBehavior [ RunTime:0.000048s ]
INFO: [ app_init ] --END-- [ RunTime:0.000816s ]
INFO: [ app_begin ] --START--
INFO: Run Behavior\ReadHtmlCacheBehavior [ RunTime:0.001227s ]
INFO: [ app_begin ] --END-- [ RunTime:0.001543s ]
SQL: SHOW COLUMNS FROM `user` [ RunTime:0.0568s ]
SQL: SELECT * FROM `user` WHERE `username` = 'admin' AND `password` = 'c56d0e9a7ccec67b4ea131655038d604'  [ RunTime:0.0571s ]

[ 2017-10-09T14:22:46+08:00 ] ::1 /ThinkPHP/index.php/IotRouter/Home/home.html
INFO: [ app_init ] --START--
INFO: Run Behavior\BuildLiteBehavior [ RunTime:0.000037s ]
INFO: [ app_init ] --END-- [ RunTime:0.000539s ]
INFO: [ app_begin ] --START--
INFO: Run Behavior\ReadHtmlCacheBehavior [ RunTime:0.000600s ]
INFO: [ app_begin ] --END-- [ RunTime:0.000775s ]
INFO: [ view_parse ] --START--
INFO: [ template_filter ] --START--
INFO: Run Behavior\ContentReplaceBehavior [ RunTime:0.000992s ]
INFO: [ template_filter ] --END-- [ RunTime:0.001186s ]
INFO: Run Behavior\ParseTemplateBehavior [ RunTime:0.023963s ]
INFO: [ view_parse ] --END-- [ RunTime:0.024201s ]
INFO: [ view_filter ] --START--
INFO: Run Behavior\WriteHtmlCacheBehavior [ RunTime:0.000687s ]
INFO: [ view_filter ] --END-- [ RunTime:0.000888s ]
INFO: [ app_end ] --START--
INFO: Run Behavior\ShowPageTraceBehavior [ RunTime:0.001648s ]
INFO: [ app_end ] --END-- [ RunTime:0.002046s ]

[ 2017-10-09T14:22:47+08:00 ] ::1 /ThinkPHP/index.php/IotRouter/Device/home.html
INFO: [ app_init ] --START--
INFO: Run Behavior\BuildLiteBehavior [ RunTime:0.000113s ]
INFO: [ app_init ] --END-- [ RunTime:0.000691s ]
INFO: [ app_begin ] --START--
INFO: Run Behavior\ReadHtmlCacheBehavior [ RunTime:0.000888s ]
INFO: [ app_begin ] --END-- [ RunTime:0.001119s ]
SQL: SHOW COLUMNS FROM `device` [ RunTime:0.0602s ]
SQL: SELECT COUNT(*) AS tp_count FROM `device` LIMIT 1   [ RunTime:0.0591s ]
INFO: [ view_parse ] --START--
INFO: [ template_filter ] --START--
INFO: Run Behavior\ContentReplaceBehavior [ RunTime:0.000634s ]
INFO: [ template_filter ] --END-- [ RunTime:0.000976s ]
INFO: Run Behavior\ParseTemplateBehavior [ RunTime:0.153401s ]
INFO: [ view_parse ] --END-- [ RunTime:0.153700s ]
INFO: [ view_filter ] --START--
INFO: Run Behavior\WriteHtmlCacheBehavior [ RunTime:0.001116s ]
INFO: [ view_filter ] --END-- [ RunTime:0.001425s ]
INFO: [ app_end ] --START--
INFO: Run Behavior\ShowPageTraceBehavior [ RunTime:0.003539s ]
INFO: [ app_end ] --END-- [ RunTime:0.003919s ]

[ 2017-10-09T14:22:47+08:00 ] ::1 /ThinkPHP/index.php/IotRouter/Type/query
INFO: [ app_init ] --START--
INFO: Run Behavior\BuildLiteBehavior [ RunTime:0.000047s ]
INFO: [ app_init ] --END-- [ RunTime:0.000635s ]
INFO: [ app_begin ] --START--
INFO: Run Behavior\ReadHtmlCacheBehavior [ RunTime:0.000715s ]
INFO: [ app_begin ] --END-- [ RunTime:0.000894s ]
SQL: SHOW COLUMNS FROM `type_device_model` [ RunTime:0.0587s ]
SQL: SELECT * FROM `type_device_model` ORDER BY type_word  [ RunTime:0.0592s ]

[ 2017-10-09T14:22:48+08:00 ] ::1 /ThinkPHP/index.php/IotRouter/Type/query
INFO: [ app_init ] --START--
INFO: Run Behavior\BuildLiteBehavior [ RunTime:0.000041s ]
INFO: [ app_init ] --END-- [ RunTime:0.000701s ]
INFO: [ app_begin ] --START--
INFO: Run Behavior\ReadHtmlCacheBehavior [ RunTime:0.001212s ]
INFO: [ app_begin ] --END-- [ RunTime:0.001441s ]
SQL: SHOW COLUMNS FROM `type_device` [ RunTime:0.0588s ]
SQL: SELECT * FROM `type_device` ORDER BY type_word  [ RunTime:0.0589s ]

[ 2017-10-09T14:22:48+08:00 ] ::1 /ThinkPHP/index.php/IotRouter/Type/query
INFO: [ app_init ] --START--
INFO: Run Behavior\BuildLiteBehavior [ RunTime:0.000049s ]
INFO: [ app_init ] --END-- [ RunTime:0.001005s ]
INFO: [ app_begin ] --START--
INFO: Run Behavior\ReadHtmlCacheBehavior [ RunTime:0.001205s ]
INFO: [ app_begin ] --END-- [ RunTime:0.001429s ]
SQL: SHOW COLUMNS FROM `type_device_runstate` [ RunTime:0.0581s ]
SQL: SELECT * FROM `type_device_runstate` ORDER BY type_word  [ RunTime:0.0578s ]

[ 2017-10-09T14:22:49+08:00 ] ::1 /ThinkPHP/index.php/IotRouter/Device/query
INFO: [ app_init ] --START--
INFO: Run Behavior\BuildLiteBehavior [ RunTime:0.000049s ]
INFO: [ app_init ] --END-- [ RunTime:0.001181s ]
INFO: [ app_begin ] --START--
INFO: Run Behavior\ReadHtmlCacheBehavior [ RunTime:0.001169s ]
INFO: [ app_begin ] --END-- [ RunTime:0.001401s ]
SQL: SHOW COLUMNS FROM `device` [ RunTime:0.0580s ]
SQL: SELECT * FROM `device` LIMIT 0,10   [ RunTime:0.0578s ]
SQL: SELECT COUNT(*) AS tp_count FROM `device` LIMIT 1   [ RunTime:0.0563s ]
SQL: SELECT COUNT(*) AS tp_count FROM `device` LIMIT 1   [ RunTime:0.0569s ]

[ 2017-10-09T14:22:56+08:00 ] ::1 /ThinkPHP/index.php/IotRouter/ConditionConfig/deviceCmdListQuery
INFO: [ app_init ] --START--
INFO: Run Behavior\BuildLiteBehavior [ RunTime:0.000052s ]
INFO: [ app_init ] --END-- [ RunTime:0.000701s ]
INFO: [ app_begin ] --START--
INFO: Run Behavior\ReadHtmlCacheBehavior [ RunTime:0.001084s ]
INFO: [ app_begin ] --END-- [ RunTime:0.001346s ]
SQL: SHOW COLUMNS FROM `device_out` [ RunTime:0.0535s ]
SQL: SELECT * FROM `device_out`  [ RunTime:0.0536s ]

[ 2017-10-09T14:23:33+08:00 ] ::1 /ThinkPHP/index.php/IotRouter/ConditionConfig/deviceCmdListDelete?id=6
INFO: [ app_init ] --START--
INFO: Run Behavior\BuildLiteBehavior [ RunTime:0.000056s ]
INFO: [ app_init ] --END-- [ RunTime:0.001351s ]
INFO: [ app_begin ] --START--
INFO: Run Behavior\ReadHtmlCacheBehavior [ RunTime:0.000771s ]
INFO: [ app_begin ] --END-- [ RunTime:0.000990s ]

[ 2017-10-09T14:23:41+08:00 ] ::1 /ThinkPHP/index.php/IotRouter/ConditionConfig/deviceCmdListQuery
INFO: [ app_init ] --START--
INFO: Run Behavior\BuildLiteBehavior [ RunTime:0.000058s ]
INFO: [ app_init ] --END-- [ RunTime:0.000800s ]
INFO: [ app_begin ] --START--
INFO: Run Behavior\ReadHtmlCacheBehavior [ RunTime:0.001092s ]
INFO: [ app_begin ] --END-- [ RunTime:0.001335s ]
SQL: SHOW COLUMNS FROM `device_out` [ RunTime:0.0603s ]
SQL: SELECT * FROM `device_out`  [ RunTime:0.0599s ]

[ 2017-10-09T14:23:53+08:00 ] ::1 /ThinkPHP/index.php/IotRouter/ConditionConfig/deviceCmdListQuery
INFO: [ app_init ] --START--
INFO: Run Behavior\BuildLiteBehavior [ RunTime:0.000046s ]
INFO: [ app_init ] --END-- [ RunTime:0.000625s ]
INFO: [ app_begin ] --START--
INFO: Run Behavior\ReadHtmlCacheBehavior [ RunTime:0.000690s ]
INFO: [ app_begin ] --END-- [ RunTime:0.000899s ]
SQL: SHOW COLUMNS FROM `device_out` [ RunTime:0.0579s ]
SQL: SELECT * FROM `device_out`  [ RunTime:0.0562s ]

[ 2017-10-09T14:23:56+08:00 ] ::1 /ThinkPHP/index.php/IotRouter/ConditionConfig/deviceCmdListDelete?id=6
INFO: [ app_init ] --START--
INFO: Run Behavior\BuildLiteBehavior [ RunTime:0.000038s ]
INFO: [ app_init ] --END-- [ RunTime:0.000534s ]
INFO: [ app_begin ] --START--
INFO: Run Behavior\ReadHtmlCacheBehavior [ RunTime:0.000743s ]
INFO: [ app_begin ] --END-- [ RunTime:0.000963s ]
SQL: SHOW COLUMNS FROM `device_out` [ RunTime:0.0575s ]
SQL: DELETE FROM `device_out` WHERE `id` = 6 [ RunTime:0.0596s ]

[ 2017-10-09T14:24:10+08:00 ] ::1 /ThinkPHP/index.php/IotRouter/ConditionConfig/deviceCmdListQuery
INFO: [ app_init ] --START--
INFO: Run Behavior\BuildLiteBehavior [ RunTime:0.000058s ]
INFO: [ app_init ] --END-- [ RunTime:0.000776s ]
INFO: [ app_begin ] --START--
INFO: Run Behavior\ReadHtmlCacheBehavior [ RunTime:0.000780s ]
INFO: [ app_begin ] --END-- [ RunTime:0.001003s ]
SQL: SHOW COLUMNS FROM `device_out` [ RunTime:0.0582s ]
SQL: SELECT * FROM `device_out`  [ RunTime:0.0582s ]

[ 2017-10-09T14:24:52+08:00 ] ::1 /ThinkPHP/index.php/IotRouter/ConditionConfig/deviceCmdListCreate?prj_project_id=1&name=321
INFO: [ app_init ] --START--
INFO: Run Behavior\BuildLiteBehavior [ RunTime:0.000067s ]
INFO: [ app_init ] --END-- [ RunTime:0.000911s ]
INFO: [ app_begin ] --START--
INFO: Run Behavior\ReadHtmlCacheBehavior [ RunTime:0.000858s ]
INFO: [ app_begin ] --END-- [ RunTime:0.001116s ]
SQL: SHOW COLUMNS FROM `device_out` [ RunTime:0.0559s ]
SQL: INSERT INTO `device_out` (`prj_project_id`,`name`,`create_time`) VALUES ('1','321','2017:10:09 14:24:51') [ RunTime:0.0658s ]

[ 2017-10-09T14:24:57+08:00 ] ::1 /ThinkPHP/index.php/IotRouter/ConditionConfig/deviceCmdListQuery
INFO: [ app_init ] --START--
INFO: Run Behavior\BuildLiteBehavior [ RunTime:0.000054s ]
INFO: [ app_init ] --END-- [ RunTime:0.000897s ]
INFO: [ app_begin ] --START--
INFO: Run Behavior\ReadHtmlCacheBehavior [ RunTime:0.000750s ]
INFO: [ app_begin ] --END-- [ RunTime:0.000963s ]
SQL: SHOW COLUMNS FROM `device_out` [ RunTime:0.0587s ]
SQL: SELECT * FROM `device_out`  [ RunTime:0.0588s ]

[ 2017-10-09T14:25:09+08:00 ] ::1 /ThinkPHP/index.php/IotRouter/ConditionConfig/deviceCmdListDelete?id=6
INFO: [ app_init ] --START--
INFO: Run Behavior\BuildLiteBehavior [ RunTime:0.000039s ]
INFO: [ app_init ] --END-- [ RunTime:0.000629s ]
INFO: [ app_begin ] --START--
INFO: Run Behavior\ReadHtmlCacheBehavior [ RunTime:0.001166s ]
INFO: [ app_begin ] --END-- [ RunTime:0.001386s ]
SQL: SHOW COLUMNS FROM `device_out` [ RunTime:0.0574s ]
SQL: DELETE FROM `device_out` WHERE `id` = 6 [ RunTime:0.0570s ]

[ 2017-10-09T14:27:36+08:00 ] ::1 /ThinkPHP/index.php/IotRouter/ConditionConfig/deviceCmdListDelete?id=6,1
INFO: [ app_init ] --START--
INFO: Run Behavior\BuildLiteBehavior [ RunTime:0.000053s ]
INFO: [ app_init ] --END-- [ RunTime:0.001226s ]
INFO: [ app_begin ] --START--
INFO: Run Behavior\ReadHtmlCacheBehavior [ RunTime:0.000981s ]
INFO: [ app_begin ] --END-- [ RunTime:0.001207s ]

[ 2017-10-09T14:27:52+08:00 ] ::1 /ThinkPHP/index.php/IotRouter/ConditionConfig/deviceCmdListDelete?id=6,1
INFO: [ app_init ] --START--
INFO: Run Behavior\BuildLiteBehavior [ RunTime:0.000043s ]
INFO: [ app_init ] --END-- [ RunTime:0.000674s ]
INFO: [ app_begin ] --START--
INFO: Run Behavior\ReadHtmlCacheBehavior [ RunTime:0.000754s ]
INFO: [ app_begin ] --END-- [ RunTime:0.000958s ]
SQL: SHOW COLUMNS FROM `device_out` [ RunTime:0.0574s ]
SQL: DELETE FROM `device_out` WHERE `id` IN ('6','1') [ RunTime:0.0675s ]

[ 2017-10-09T14:27:56+08:00 ] ::1 /ThinkPHP/index.php/IotRouter/ConditionConfig/deviceCmdListQuery
INFO: [ app_init ] --START--
INFO: Run Behavior\BuildLiteBehavior [ RunTime:0.000038s ]
INFO: [ app_init ] --END-- [ RunTime:0.000538s ]
INFO: [ app_begin ] --START--
INFO: Run Behavior\ReadHtmlCacheBehavior [ RunTime:0.000616s ]
INFO: [ app_begin ] --END-- [ RunTime:0.000799s ]
SQL: SHOW COLUMNS FROM `device_out` [ RunTime:0.0551s ]
SQL: SELECT * FROM `device_out`  [ RunTime:0.0553s ]

[ 2017-10-09T14:28:24+08:00 ] ::1 /ThinkPHP/index.php/IotRouter/ConditionConfig/deviceCmdListDelete?id=6,1
INFO: [ app_init ] --START--
INFO: Run Behavior\BuildLiteBehavior [ RunTime:0.000038s ]
INFO: [ app_init ] --END-- [ RunTime:0.000535s ]
INFO: [ app_begin ] --START--
INFO: Run Behavior\ReadHtmlCacheBehavior [ RunTime:0.000623s ]
INFO: [ app_begin ] --END-- [ RunTime:0.000802s ]

[ 2017-10-09T14:28:34+08:00 ] ::1 /ThinkPHP/index.php/IotRouter/ConditionConfig/deviceCmdListQuery
INFO: [ app_init ] --START--
INFO: Run Behavior\BuildLiteBehavior [ RunTime:0.000039s ]
INFO: [ app_init ] --END-- [ RunTime:0.000585s ]
INFO: [ app_begin ] --START--
INFO: Run Behavior\ReadHtmlCacheBehavior [ RunTime:0.001300s ]
INFO: [ app_begin ] --END-- [ RunTime:0.001594s ]
SQL: SHOW COLUMNS FROM `device_out` [ RunTime:0.0597s ]
SQL: SELECT * FROM `device_out`  [ RunTime:0.0597s ]

[ 2017-10-09T14:29:50+08:00 ] ::1 /ThinkPHP/index.php/IotRouter/ConditionConfig/deviceCmdListQuery
INFO: [ app_init ] --START--
INFO: Run Behavior\BuildLiteBehavior [ RunTime:0.000207s ]
INFO: [ app_init ] --END-- [ RunTime:0.000971s ]
INFO: [ app_begin ] --START--
INFO: Run Behavior\ReadHtmlCacheBehavior [ RunTime:0.000913s ]
INFO: [ app_begin ] --END-- [ RunTime:0.001110s ]
SQL: SHOW COLUMNS FROM `device_out` [ RunTime:0.0574s ]
SQL: SELECT * FROM `device_out`  [ RunTime:0.0574s ]

