[ 2017-08-29T15:46:03+08:00 ]  
INFO: [ app_init ] --START--
INFO: Run Behavior\BuildLiteBehavior [ RunTime:0.000020s ]
INFO: [ app_init ] --END-- [ RunTime:0.049333s ]
NOTIC: [8] Undefined index: REQUEST_METHOD C:\wamp64\www\ThinkPHP\ThinkPHP\Library\Think\App.class.php 第 31 行.
NOTIC: [8] Undefined index: REQUEST_URI C:\wamp64\www\ThinkPHP\ThinkPHP\Library\Think\Dispatcher.class.php 第 137 行.
NOTIC: [8] Use of undefined constant _PHP_FILE_ - assumed '_PHP_FILE_' C:\wamp64\www\ThinkPHP\ThinkPHP\Library\Think\Dispatcher.class.php 第 189 行.
INFO: [ app_begin ] --START--
INFO: Run Behavior\ReadHtmlCacheBehavior [ RunTime:0.011771s ]
INFO: [ app_begin ] --END-- [ RunTime:0.011847s ]
INFO: [ view_parse ] --START--
INFO: [ template_filter ] --START--
NOTIC: [8] Use of undefined constant __ROOT__ - assumed '__ROOT__' C:\wamp64\www\ThinkPHP\ThinkPHP\Library\Behavior\ContentReplaceBehavior.class.php 第 31 行.
NOTIC: [8] Use of undefined constant __ROOT__ - assumed '__ROOT__' C:\wamp64\www\ThinkPHP\ThinkPHP\Library\Behavior\ContentReplaceBehavior.class.php 第 38 行.
INFO: Run Behavior\ContentReplaceBehavior [ RunTime:0.000076s ]
INFO: [ template_filter ] --END-- [ RunTime:0.000138s ]
INFO: Run Behavior\ParseTemplateBehavior [ RunTime:0.043735s ]
INFO: [ view_parse ] --END-- [ RunTime:0.043837s ]
INFO: [ view_filter ] --START--
INFO: Run Behavior\WriteHtmlCacheBehavior [ RunTime:0.007628s ]
INFO: [ view_filter ] --END-- [ RunTime:0.007698s ]
INFO: [ app_end ] --START--
INFO: Run Behavior\ShowPageTraceBehavior [ RunTime:0.014541s ]
INFO: [ app_end ] --END-- [ RunTime:0.014660s ]

